2018-05-16 22:02:46,157:INFO: Loading the datasets...
2018-05-16 22:02:46,178:INFO: - done.
2018-05-16 22:02:46,285:INFO: Starting training for 10 epoch(s)
2018-05-16 22:02:46,285:INFO: Epoch 1/10
2018-05-16 22:07:38,550:INFO: Loading the datasets...
2018-05-16 22:07:38,571:INFO: - done.
2018-05-16 22:07:38,574:INFO: Starting training for 10 epoch(s)
2018-05-16 22:07:38,574:INFO: Epoch 1/10
2018-05-16 22:08:41,255:INFO: Loading the datasets...
2018-05-16 22:08:41,276:INFO: - done.
2018-05-16 22:08:41,278:INFO: Starting training for 10 epoch(s)
2018-05-16 22:08:41,279:INFO: Epoch 1/10
2018-05-16 22:09:16,524:INFO: Loading the datasets...
2018-05-16 22:09:16,544:INFO: - done.
2018-05-16 22:09:16,547:INFO: Starting training for 10 epoch(s)
2018-05-16 22:09:16,547:INFO: Epoch 1/10
2018-05-16 22:09:21,731:INFO: Loading the datasets...
2018-05-16 22:09:21,751:INFO: - done.
2018-05-16 22:09:21,753:INFO: Starting training for 10 epoch(s)
2018-05-16 22:09:21,754:INFO: Epoch 1/10
2018-05-16 22:10:52,843:INFO: Loading the datasets...
2018-05-16 22:10:52,864:INFO: - done.
2018-05-16 22:10:52,866:INFO: Starting training for 10 epoch(s)
2018-05-16 22:10:52,866:INFO: Epoch 1/10
2018-05-16 22:10:56,685:INFO: Loading the datasets...
2018-05-16 22:10:56,706:INFO: - done.
2018-05-16 22:10:56,708:INFO: Starting training for 10 epoch(s)
2018-05-16 22:10:56,708:INFO: Epoch 1/10
2018-05-16 22:12:23,532:INFO: Loading the datasets...
2018-05-16 22:12:23,552:INFO: - done.
2018-05-16 22:12:23,554:INFO: Starting training for 10 epoch(s)
2018-05-16 22:12:23,554:INFO: Epoch 1/10
2018-05-17 01:35:09,410:INFO: Loading the datasets...
2018-05-17 01:35:09,431:INFO: - done.
2018-05-17 01:35:09,434:INFO: Starting training for 10 epoch(s)
2018-05-17 01:35:09,434:INFO: Epoch 1/10
2018-05-17 01:42:24,006:INFO: Loading the datasets...
2018-05-17 01:42:24,033:INFO: - done.
2018-05-17 01:42:24,036:INFO: Starting training for 10 epoch(s)
2018-05-17 01:42:24,036:INFO: Epoch 1/10
2018-05-17 02:18:04,413:INFO: Loading the datasets...
2018-05-17 02:18:04,435:INFO: - done.
2018-05-17 02:18:04,441:INFO: Starting training for 10 epoch(s)
2018-05-17 02:18:04,441:INFO: Epoch 1/10
2018-05-17 02:23:12,532:INFO: Loading the datasets...
2018-05-17 02:23:12,554:INFO: - done.
2018-05-17 02:23:12,558:INFO: Starting training for 10 epoch(s)
2018-05-17 02:23:12,559:INFO: Epoch 1/10
2018-05-17 03:02:57,319:INFO: Loading the datasets...
2018-05-17 03:02:57,341:INFO: - done.
2018-05-17 03:02:57,347:INFO: Starting training for 10 epoch(s)
2018-05-17 03:02:57,347:INFO: Epoch 1/10
2018-05-17 03:08:13,863:INFO: Loading the datasets...
2018-05-17 03:08:13,885:INFO: - done.
2018-05-17 03:08:13,887:INFO: Starting training for 10 epoch(s)
2018-05-17 03:08:13,887:INFO: Epoch 1/10
2018-05-17 03:08:35,740:INFO: Loading the datasets...
2018-05-17 03:08:35,761:INFO: - done.
2018-05-17 03:08:35,763:INFO: Starting training for 10 epoch(s)
2018-05-17 03:08:35,763:INFO: Epoch 1/10
2018-05-17 04:02:47,814:INFO: Loading the datasets...
2018-05-17 04:02:47,837:INFO: - done.
2018-05-17 04:02:47,841:INFO: Starting training for 10 epoch(s)
2018-05-17 04:02:47,841:INFO: Epoch 1/10
2018-05-17 04:03:33,933:INFO: Loading the datasets...
2018-05-17 04:03:33,954:INFO: - done.
2018-05-17 04:03:33,957:INFO: Starting training for 10 epoch(s)
2018-05-17 04:03:33,957:INFO: Epoch 1/10
2018-05-17 04:11:11,203:INFO: Loading the datasets...
2018-05-17 04:11:11,224:INFO: - done.
2018-05-17 04:11:11,227:INFO: Starting training for 10 epoch(s)
2018-05-17 04:11:11,227:INFO: Epoch 1/10
2018-05-17 04:11:25,818:INFO: Loading the datasets...
2018-05-17 04:11:25,843:INFO: - done.
2018-05-17 04:11:25,847:INFO: Starting training for 10 epoch(s)
2018-05-17 04:11:25,847:INFO: Epoch 1/10
2018-05-17 04:17:21,223:INFO: Loading the datasets...
2018-05-17 04:17:21,245:INFO: - done.
2018-05-17 04:17:21,248:INFO: Starting training for 10 epoch(s)
2018-05-17 04:17:21,248:INFO: Epoch 1/10
2018-05-17 04:21:34,139:INFO: Loading the datasets...
2018-05-17 04:21:34,161:INFO: - done.
2018-05-17 04:21:34,164:INFO: Starting training for 10 epoch(s)
2018-05-17 04:21:34,164:INFO: Epoch 1/10
2018-05-17 04:21:56,322:INFO: Loading the datasets...
2018-05-17 04:21:56,342:INFO: - done.
2018-05-17 04:21:56,345:INFO: Starting training for 10 epoch(s)
2018-05-17 04:21:56,345:INFO: Epoch 1/10
2018-05-17 04:23:46,753:INFO: Loading the datasets...
2018-05-17 04:23:46,774:INFO: - done.
2018-05-17 04:23:46,777:INFO: Starting training for 10 epoch(s)
2018-05-17 04:23:46,777:INFO: Epoch 1/10
2018-05-17 04:25:08,991:INFO: Loading the datasets...
2018-05-17 04:25:09,012:INFO: - done.
2018-05-17 04:25:09,015:INFO: Starting training for 10 epoch(s)
2018-05-17 04:25:09,015:INFO: Epoch 1/10
2018-05-29 18:11:04,070:INFO: Loading the datasets...
2018-05-29 18:11:04,266:INFO: - done.
2018-05-29 18:11:04,324:INFO: Starting training for 10 epoch(s)
2018-05-29 18:11:04,324:INFO: Epoch 1/10
2018-05-29 18:29:36,389:INFO: Loading the datasets...
2018-05-29 18:29:36,408:INFO: - done.
2018-05-29 18:29:36,411:INFO: Starting training for 10 epoch(s)
2018-05-29 18:29:36,411:INFO: Epoch 1/10
2018-05-29 18:39:28,468:INFO: Loading the datasets...
2018-05-29 18:39:28,489:INFO: - done.
2018-05-29 18:39:28,493:INFO: Starting training for 10 epoch(s)
2018-05-29 18:39:28,493:INFO: Epoch 1/10
2018-05-29 18:39:55,842:INFO: Loading the datasets...
2018-05-29 18:39:55,863:INFO: - done.
2018-05-29 18:39:55,866:INFO: Starting training for 10 epoch(s)
2018-05-29 18:39:55,866:INFO: Epoch 1/10
2018-05-29 18:44:11,394:INFO: Loading the datasets...
2018-05-29 18:44:11,414:INFO: - done.
2018-05-29 18:44:11,416:INFO: Starting training for 10 epoch(s)
2018-05-29 18:44:11,416:INFO: Epoch 1/10
2018-05-29 18:46:16,902:INFO: Loading the datasets...
2018-05-29 18:46:16,922:INFO: - done.
2018-05-29 18:46:16,924:INFO: Starting training for 10 epoch(s)
2018-05-29 18:46:16,925:INFO: Epoch 1/10
2018-05-29 18:48:38,145:INFO: Loading the datasets...
2018-05-29 18:48:38,165:INFO: - done.
2018-05-29 18:48:38,168:INFO: Starting training for 10 epoch(s)
2018-05-29 18:48:38,168:INFO: Epoch 1/10
2018-05-29 18:52:44,787:INFO: Loading the datasets...
2018-05-29 18:52:44,806:INFO: - done.
2018-05-29 18:52:44,809:INFO: Starting training for 10 epoch(s)
2018-05-29 18:52:44,809:INFO: Epoch 1/10
2018-05-29 18:55:48,747:INFO: Loading the datasets...
2018-05-29 18:55:48,773:INFO: - done.
2018-05-29 18:55:48,777:INFO: Starting training for 10 epoch(s)
2018-05-29 18:55:48,777:INFO: Epoch 1/10
2018-05-29 19:00:11,739:INFO: Loading the datasets...
2018-05-29 19:00:11,759:INFO: - done.
2018-05-29 19:00:11,777:INFO: Starting training for 10 epoch(s)
2018-05-29 19:00:11,777:INFO: Epoch 1/10
2018-05-29 19:03:53,124:INFO: Loading the datasets...
2018-05-29 19:03:53,144:INFO: - done.
2018-05-29 19:03:53,163:INFO: Starting training for 10 epoch(s)
2018-05-29 19:03:53,163:INFO: Epoch 1/10
2018-05-29 19:06:16,212:INFO: Loading the datasets...
2018-05-29 19:06:16,232:INFO: - done.
2018-05-29 19:06:16,729:INFO: Starting training for 10 epoch(s)
2018-05-29 19:06:16,729:INFO: Epoch 1/10
2018-05-29 19:06:31,527:INFO: Loading the datasets...
2018-05-29 19:06:31,547:INFO: - done.
2018-05-29 19:06:32,037:INFO: Starting training for 10 epoch(s)
2018-05-29 19:06:32,037:INFO: Epoch 1/10
2018-05-29 19:06:58,072:INFO: Loading the datasets...
2018-05-29 19:06:58,092:INFO: - done.
2018-05-29 19:06:58,587:INFO: Starting training for 10 epoch(s)
2018-05-29 19:06:58,588:INFO: Epoch 1/10
2018-05-29 19:12:07,659:INFO: Loading the datasets...
2018-05-29 19:12:07,678:INFO: - done.
2018-05-29 19:12:07,926:INFO: Starting training for 10 epoch(s)
2018-05-29 19:12:07,926:INFO: Epoch 1/10
2018-05-29 19:13:06,359:INFO: Loading the datasets...
2018-05-29 19:13:06,379:INFO: - done.
2018-05-29 19:13:06,626:INFO: Starting training for 10 epoch(s)
2018-05-29 19:13:06,626:INFO: Epoch 1/10
2018-05-29 19:18:21,571:INFO: Loading the datasets...
2018-05-29 19:18:21,590:INFO: - done.
2018-05-29 19:18:21,836:INFO: Starting training for 10 epoch(s)
2018-05-29 19:18:21,836:INFO: Epoch 1/10
2018-05-29 19:18:48,396:INFO: - Train metrics: accuracy: 0.000 ; loss: 112.269
2018-05-29 19:19:31,765:INFO: Loading the datasets...
2018-05-29 19:19:31,784:INFO: - done.
2018-05-29 19:19:32,031:INFO: Starting training for 10 epoch(s)
2018-05-29 19:19:32,031:INFO: Epoch 1/10
2018-05-29 19:20:11,257:INFO: Loading the datasets...
2018-05-29 19:20:11,277:INFO: - done.
2018-05-29 19:20:11,524:INFO: Starting training for 10 epoch(s)
2018-05-29 19:20:11,525:INFO: Epoch 1/10
2018-05-29 19:21:21,924:INFO: - Train metrics: accuracy: 0.000 ; loss: 112.266
2018-05-29 19:21:23,952:INFO: Loading the datasets...
2018-05-29 19:21:23,972:INFO: - done.
2018-05-29 19:21:24,219:INFO: Starting training for 10 epoch(s)
2018-05-29 19:21:24,219:INFO: Epoch 1/10
2018-05-29 19:21:26,888:INFO: Loading the datasets...
2018-05-29 19:21:26,907:INFO: - done.
2018-05-29 19:21:27,153:INFO: Starting training for 10 epoch(s)
2018-05-29 19:21:27,153:INFO: Epoch 1/10
2018-05-29 19:23:53,569:INFO: Loading the datasets...
2018-05-29 19:33:19,602:INFO: Loading the datasets...
2018-05-29 19:33:36,508:INFO: Loading the datasets...
2018-05-29 20:46:10,308:INFO: Loading the datasets...
2018-05-29 20:47:29,857:INFO: Loading the datasets...
2018-05-29 20:48:01,425:INFO: Loading the datasets...
2018-05-29 20:48:01,445:INFO: - done.
2018-05-29 20:48:01,713:INFO: Starting training for 10 epoch(s)
2018-05-29 20:48:01,714:INFO: Epoch 1/10
2018-05-29 20:56:54,103:INFO: Loading the datasets...
2018-05-29 20:56:54,123:INFO: - done.
2018-05-29 20:56:54,375:INFO: Starting training for 10 epoch(s)
2018-05-29 20:56:54,376:INFO: Epoch 1/10
2018-05-29 20:58:43,001:INFO: Loading the datasets...
2018-05-29 20:58:43,021:INFO: - done.
2018-05-29 20:58:43,273:INFO: Starting training for 10 epoch(s)
2018-05-29 20:58:43,273:INFO: Epoch 1/10
2018-05-29 20:59:13,373:INFO: Loading the datasets...
2018-05-29 20:59:13,392:INFO: - done.
2018-05-29 20:59:13,645:INFO: Starting training for 10 epoch(s)
2018-05-29 20:59:13,645:INFO: Epoch 1/10
2018-05-29 21:01:25,924:INFO: Loading the datasets...
2018-05-29 21:01:25,950:INFO: - done.
2018-05-29 21:01:26,253:INFO: Starting training for 10 epoch(s)
2018-05-29 21:01:26,253:INFO: Epoch 1/10
2018-05-29 21:03:25,363:INFO: Loading the datasets...
2018-05-29 21:03:25,383:INFO: - done.
2018-05-29 21:03:25,636:INFO: Starting training for 10 epoch(s)
2018-05-29 21:03:25,636:INFO: Epoch 1/10
2018-05-29 21:04:02,340:INFO: - Train metrics: accuracy: 0.484 ; loss: 111.630
2018-05-29 21:05:18,090:INFO: Loading the datasets...
2018-05-29 21:05:18,111:INFO: - done.
2018-05-29 21:05:18,364:INFO: Starting training for 10 epoch(s)
2018-05-29 21:05:18,364:INFO: Epoch 1/10
2018-05-29 21:05:37,104:INFO: Loading the datasets...
2018-05-29 21:05:37,123:INFO: - done.
2018-05-29 21:05:37,377:INFO: Starting training for 10 epoch(s)
2018-05-29 21:05:37,377:INFO: Epoch 1/10
2018-05-29 21:08:31,597:INFO: Loading the datasets...
2018-05-29 21:08:31,616:INFO: - done.
2018-05-29 21:08:31,870:INFO: Starting training for 10 epoch(s)
2018-05-29 21:08:31,871:INFO: Epoch 1/10
2018-05-29 21:09:08,930:INFO: - Train metrics: accuracy: 0.484 ; loss: 111.605
2018-05-29 21:32:40,006:INFO: Loading the datasets...
2018-05-29 21:32:40,026:INFO: - done.
2018-05-29 21:32:40,037:INFO: Starting training for 10 epoch(s)
2018-05-29 21:32:40,038:INFO: Epoch 1/10
2018-05-29 21:33:36,292:INFO: Loading the datasets...
2018-05-29 21:33:36,312:INFO: - done.
2018-05-29 21:33:36,323:INFO: Starting training for 10 epoch(s)
2018-05-29 21:33:36,323:INFO: Epoch 1/10
2018-05-29 21:40:52,257:INFO: Loading the datasets...
2018-05-29 21:40:52,276:INFO: - done.
2018-05-29 21:40:52,279:INFO: Starting training for 10 epoch(s)
2018-05-29 21:40:52,279:INFO: Epoch 1/10
2018-05-29 21:41:16,880:INFO: - Train metrics: accuracy: 0.984 ; loss: 0.429
2018-05-29 21:41:21,791:INFO: - Eval metrics : accuracy: 0.992 ; loss: 0.049
2018-05-29 21:41:21,801:INFO: - Found new best accuracy
2018-05-29 21:41:21,801:INFO: Epoch 2/10
2018-05-29 21:41:46,938:INFO: - Train metrics: accuracy: 1.000 ; loss: 0.017
2018-05-29 21:41:51,722:INFO: - Eval metrics : accuracy: 0.992 ; loss: 0.080
2018-05-29 21:41:51,731:INFO: - Found new best accuracy
2018-05-29 21:41:51,731:INFO: Epoch 3/10
2018-05-29 21:42:16,573:INFO: - Train metrics: accuracy: 0.969 ; loss: 0.099
2018-05-29 21:42:21,326:INFO: - Eval metrics : accuracy: 0.992 ; loss: 0.050
2018-05-29 21:42:21,335:INFO: - Found new best accuracy
2018-05-29 21:42:21,336:INFO: Epoch 4/10
2018-05-29 21:42:45,874:INFO: - Train metrics: accuracy: 1.000 ; loss: 0.023
2018-05-29 21:42:50,637:INFO: - Eval metrics : accuracy: 0.992 ; loss: 0.052
2018-05-29 21:42:50,646:INFO: - Found new best accuracy
2018-05-29 21:42:50,646:INFO: Epoch 5/10
2018-05-29 21:43:15,230:INFO: - Train metrics: accuracy: 1.000 ; loss: 0.023
2018-05-29 21:43:19,943:INFO: - Eval metrics : accuracy: 0.992 ; loss: 0.047
2018-05-29 21:43:19,952:INFO: - Found new best accuracy
2018-05-29 21:43:19,952:INFO: Epoch 6/10
2018-05-29 21:43:44,505:INFO: - Train metrics: accuracy: 1.000 ; loss: 0.007
2018-05-29 21:43:49,303:INFO: - Eval metrics : accuracy: 0.992 ; loss: 0.052
2018-05-29 21:43:49,312:INFO: - Found new best accuracy
2018-05-29 21:43:49,312:INFO: Epoch 7/10
2018-05-29 21:44:13,901:INFO: - Train metrics: accuracy: 1.000 ; loss: 0.024
2018-05-29 21:44:18,665:INFO: - Eval metrics : accuracy: 0.992 ; loss: 0.052
2018-05-29 21:44:18,674:INFO: - Found new best accuracy
2018-05-29 21:44:18,674:INFO: Epoch 8/10
2018-05-29 21:44:43,405:INFO: - Train metrics: accuracy: 0.969 ; loss: 0.115
2018-05-29 21:44:48,102:INFO: - Eval metrics : accuracy: 0.992 ; loss: 0.047
2018-05-29 21:44:48,110:INFO: - Found new best accuracy
2018-05-29 21:44:48,111:INFO: Epoch 9/10
2018-05-29 21:45:12,661:INFO: - Train metrics: accuracy: 1.000 ; loss: 0.027
2018-05-29 21:45:17,364:INFO: - Eval metrics : accuracy: 0.992 ; loss: 0.047
2018-05-29 21:45:17,373:INFO: - Found new best accuracy
2018-05-29 21:45:17,374:INFO: Epoch 10/10
2018-05-29 21:45:41,983:INFO: - Train metrics: accuracy: 1.000 ; loss: 0.006
2018-05-29 21:45:46,640:INFO: - Eval metrics : accuracy: 0.992 ; loss: 0.053
2018-05-29 21:45:46,649:INFO: - Found new best accuracy
2018-05-29 21:52:37,010:INFO: Loading the datasets...
2018-05-29 21:52:37,030:INFO: - done.
2018-05-29 21:52:37,033:INFO: Starting training for 10 epoch(s)
2018-05-29 21:52:37,033:INFO: Epoch 1/10
2018-05-29 22:15:37,300:INFO: Loading the datasets...
2018-05-29 22:15:37,320:INFO: - done.
2018-05-29 22:15:37,323:INFO: Starting training for 10 epoch(s)
2018-05-29 22:15:37,323:INFO: Epoch 1/10
2018-05-29 22:22:14,651:INFO: Loading the datasets...
2018-05-29 22:22:14,670:INFO: - done.
2018-05-29 22:22:14,673:INFO: Starting training for 10 epoch(s)
2018-05-29 22:22:14,673:INFO: Epoch 1/10
2018-05-29 22:22:48,770:INFO: Loading the datasets...
2018-05-29 22:22:48,790:INFO: - done.
2018-05-29 22:22:48,792:INFO: Starting training for 10 epoch(s)
2018-05-29 22:22:48,793:INFO: Epoch 1/10
2018-05-29 22:23:54,228:INFO: Loading the datasets...
2018-05-29 22:23:54,248:INFO: - done.
2018-05-29 22:23:54,250:INFO: Starting training for 10 epoch(s)
2018-05-29 22:23:54,250:INFO: Epoch 1/10
2018-05-29 22:24:48,950:INFO: Loading the datasets...
2018-05-29 22:24:48,970:INFO: - done.
2018-05-29 22:24:48,973:INFO: Starting training for 10 epoch(s)
2018-05-29 22:24:48,973:INFO: Epoch 1/10
2018-05-29 22:25:25,813:INFO: Loading the datasets...
2018-05-29 22:25:25,833:INFO: - done.
2018-05-29 22:25:25,835:INFO: Starting training for 10 epoch(s)
2018-05-29 22:25:25,835:INFO: Epoch 1/10
2018-05-29 22:26:51,528:INFO: Loading the datasets...
2018-05-29 22:26:51,549:INFO: - done.
2018-05-29 22:26:51,552:INFO: Starting training for 10 epoch(s)
2018-05-29 22:26:51,552:INFO: Epoch 1/10
2018-05-29 22:27:31,158:INFO: Loading the datasets...
2018-05-29 22:27:31,177:INFO: - done.
2018-05-29 22:27:31,179:INFO: Starting training for 10 epoch(s)
2018-05-29 22:27:31,180:INFO: Epoch 1/10
2018-05-29 22:27:56,567:INFO: - Train metrics: accuracy: 0.500 ; loss: 0.722
2018-05-29 22:28:01,528:INFO: - Eval metrics : accuracy: 0.992 ; loss: 0.693
2018-05-29 22:28:01,537:INFO: - Found new best accuracy
2018-05-29 22:28:01,537:INFO: Epoch 2/10
2018-05-29 22:28:26,142:INFO: - Train metrics: accuracy: 1.000 ; loss: 0.693
2018-05-29 22:28:30,952:INFO: - Eval metrics : accuracy: 0.992 ; loss: 0.693
2018-05-29 22:28:30,960:INFO: - Found new best accuracy
2018-05-29 22:28:30,961:INFO: Epoch 3/10
2018-05-29 22:28:55,335:INFO: - Train metrics: accuracy: 0.984 ; loss: 0.693
2018-05-29 22:29:00,009:INFO: - Eval metrics : accuracy: 0.992 ; loss: 0.693
2018-05-29 22:29:00,017:INFO: - Found new best accuracy
2018-05-29 22:29:00,018:INFO: Epoch 4/10
2018-05-29 22:29:24,541:INFO: - Train metrics: accuracy: 0.984 ; loss: 0.693
2018-05-29 22:29:29,407:INFO: - Eval metrics : accuracy: 0.992 ; loss: 0.693
2018-05-29 22:29:29,415:INFO: - Found new best accuracy
2018-05-29 22:29:29,416:INFO: Epoch 5/10
2018-05-29 22:29:54,815:INFO: - Train metrics: accuracy: 1.000 ; loss: 0.693
2018-05-29 22:30:00,002:INFO: - Eval metrics : accuracy: 0.992 ; loss: 0.693
2018-05-29 22:30:00,017:INFO: - Found new best accuracy
2018-05-29 22:30:00,017:INFO: Epoch 6/10
2018-05-29 22:30:25,869:INFO: - Train metrics: accuracy: 1.000 ; loss: 0.693
2018-05-29 22:30:30,844:INFO: - Eval metrics : accuracy: 0.992 ; loss: 0.693
2018-05-29 22:30:30,852:INFO: - Found new best accuracy
2018-05-29 22:30:30,853:INFO: Epoch 7/10
2018-05-29 22:30:56,317:INFO: - Train metrics: accuracy: 1.000 ; loss: 0.693
2018-05-29 22:31:01,293:INFO: - Eval metrics : accuracy: 0.992 ; loss: 0.693
2018-05-29 22:31:01,302:INFO: - Found new best accuracy
2018-05-29 22:31:01,303:INFO: Epoch 8/10
2018-05-29 22:31:26,304:INFO: - Train metrics: accuracy: 1.000 ; loss: 0.693
2018-05-29 22:31:31,162:INFO: - Eval metrics : accuracy: 0.992 ; loss: 0.693
2018-05-29 22:31:31,171:INFO: - Found new best accuracy
2018-05-29 22:31:31,171:INFO: Epoch 9/10
2018-05-29 22:31:56,357:INFO: - Train metrics: accuracy: 1.000 ; loss: 0.693
2018-05-29 22:32:01,326:INFO: - Eval metrics : accuracy: 0.992 ; loss: 0.693
2018-05-29 22:32:01,335:INFO: - Found new best accuracy
2018-05-29 22:32:01,335:INFO: Epoch 10/10
2018-05-29 22:32:26,699:INFO: - Train metrics: accuracy: 1.000 ; loss: 0.693
2018-05-29 22:32:31,492:INFO: - Eval metrics : accuracy: 0.992 ; loss: 0.693
2018-05-29 22:32:31,501:INFO: - Found new best accuracy
2018-05-29 22:33:53,398:INFO: Loading the datasets...
2018-05-29 22:33:53,418:INFO: - done.
2018-05-29 22:33:53,420:INFO: Starting training for 10 epoch(s)
2018-05-29 22:33:53,421:INFO: Epoch 1/10
2018-05-29 22:35:11,331:INFO: Loading the datasets...
2018-05-29 22:35:11,351:INFO: - done.
2018-05-29 22:35:11,353:INFO: Starting training for 10 epoch(s)
2018-05-29 22:35:11,353:INFO: Epoch 1/10
2018-05-29 22:36:22,908:INFO: Loading the datasets...
2018-05-29 22:36:22,928:INFO: - done.
2018-05-29 22:36:22,930:INFO: Starting training for 10 epoch(s)
2018-05-29 22:36:22,930:INFO: Epoch 1/10
2018-05-29 22:36:47,710:INFO: - Train metrics: accuracy: 0.500 ; loss: 0.036
2018-05-29 22:36:52,593:INFO: - Eval metrics : accuracy: 0.992 ; loss: 0.040
2018-05-29 22:36:52,603:INFO: - Found new best accuracy
2018-05-29 22:36:52,604:INFO: Epoch 2/10
2018-05-29 22:37:17,631:INFO: - Train metrics: accuracy: 1.000 ; loss: 0.035
2018-05-29 22:37:22,431:INFO: - Eval metrics : accuracy: 0.992 ; loss: 0.040
2018-05-29 22:37:22,439:INFO: - Found new best accuracy
2018-05-29 22:37:22,463:INFO: Epoch 3/10
2018-05-29 22:37:46,733:INFO: - Train metrics: accuracy: 0.984 ; loss: 0.044
2018-05-29 22:37:51,462:INFO: - Eval metrics : accuracy: 0.992 ; loss: 0.040
2018-05-29 22:37:51,470:INFO: - Found new best accuracy
2018-05-29 22:37:51,470:INFO: Epoch 4/10
2018-05-29 22:38:16,070:INFO: - Train metrics: accuracy: 0.984 ; loss: 0.044
2018-05-29 22:38:20,925:INFO: - Eval metrics : accuracy: 0.992 ; loss: 0.040
2018-05-29 22:38:20,934:INFO: - Found new best accuracy
2018-05-29 22:38:20,946:INFO: Epoch 5/10
2018-05-29 22:38:45,977:INFO: - Train metrics: accuracy: 1.000 ; loss: 0.035
2018-05-29 22:38:50,791:INFO: - Eval metrics : accuracy: 0.992 ; loss: 0.040
2018-05-29 22:38:50,800:INFO: - Found new best accuracy
2018-05-29 22:38:50,806:INFO: Epoch 6/10
2018-05-29 22:39:15,622:INFO: - Train metrics: accuracy: 1.000 ; loss: 0.035
2018-05-29 22:39:20,467:INFO: - Eval metrics : accuracy: 0.992 ; loss: 0.040
2018-05-29 22:39:20,476:INFO: - Found new best accuracy
2018-05-29 22:39:20,484:INFO: Epoch 7/10
2018-05-29 22:39:45,725:INFO: - Train metrics: accuracy: 1.000 ; loss: 0.035
2018-05-29 22:39:50,543:INFO: - Eval metrics : accuracy: 0.992 ; loss: 0.040
2018-05-29 22:39:50,551:INFO: - Found new best accuracy
2018-05-29 22:39:50,570:INFO: Epoch 8/10
2018-05-29 22:40:15,283:INFO: - Train metrics: accuracy: 1.000 ; loss: 0.035
2018-05-29 22:40:20,091:INFO: - Eval metrics : accuracy: 0.992 ; loss: 0.040
2018-05-29 22:40:20,100:INFO: - Found new best accuracy
2018-05-29 22:40:20,118:INFO: Epoch 9/10
2018-05-29 22:40:44,671:INFO: - Train metrics: accuracy: 1.000 ; loss: 0.035
2018-05-29 22:40:49,463:INFO: - Eval metrics : accuracy: 0.992 ; loss: 0.040
2018-05-29 22:40:49,471:INFO: - Found new best accuracy
2018-05-29 22:40:49,488:INFO: Epoch 10/10
2018-05-29 22:41:14,133:INFO: - Train metrics: accuracy: 1.000 ; loss: 0.035
2018-05-29 22:41:18,898:INFO: - Eval metrics : accuracy: 0.992 ; loss: 0.040
2018-05-29 22:41:18,907:INFO: - Found new best accuracy
2018-05-29 22:41:40,753:INFO: Loading the datasets...
2018-05-29 22:41:40,773:INFO: - done.
2018-05-29 22:41:40,775:INFO: Starting training for 10 epoch(s)
2018-05-29 22:41:40,776:INFO: Epoch 1/10
2018-05-29 22:42:04,624:INFO: - Train metrics: accuracy: 0.500 ; loss: 0.004
2018-05-29 22:42:09,324:INFO: - Eval metrics : accuracy: 0.992 ; loss: 0.009
2018-05-29 22:42:09,330:INFO: - Found new best accuracy
2018-05-29 22:42:09,338:INFO: Epoch 2/10
2018-05-29 22:42:33,427:INFO: - Train metrics: accuracy: 1.000 ; loss: 0.003
2018-05-29 22:42:38,125:INFO: - Eval metrics : accuracy: 0.992 ; loss: 0.009
2018-05-29 22:42:38,131:INFO: - Found new best accuracy
2018-05-29 22:42:38,131:INFO: Epoch 3/10
2018-05-29 22:44:42,923:INFO: Loading the datasets...
2018-05-29 22:44:42,944:INFO: - done.
2018-05-29 22:44:42,946:INFO: Starting training for 10 epoch(s)
2018-05-29 22:44:42,946:INFO: Epoch 1/10
2018-05-29 22:45:05,472:INFO: Loading the datasets...
2018-05-29 22:45:05,491:INFO: - done.
2018-05-29 22:45:05,494:INFO: Starting training for 10 epoch(s)
2018-05-29 22:45:05,494:INFO: Epoch 1/10
2018-05-29 22:50:22,862:INFO: Loading the datasets...
2018-05-29 22:50:22,884:INFO: - done.
2018-05-29 22:50:22,887:INFO: Starting training for 10 epoch(s)
2018-05-29 22:50:22,887:INFO: Epoch 1/10
2018-05-29 22:55:13,271:INFO: Loading the datasets...
2018-05-29 22:55:13,292:INFO: - done.
2018-05-29 22:55:13,294:INFO: Starting training for 10 epoch(s)
2018-05-29 22:55:13,294:INFO: Epoch 1/10
2018-05-29 22:55:41,387:INFO: Loading the datasets...
2018-05-29 22:55:41,409:INFO: - done.
2018-05-29 22:55:41,413:INFO: Starting training for 10 epoch(s)
2018-05-29 22:55:41,413:INFO: Epoch 1/10
2018-05-29 23:00:08,132:INFO: Loading the datasets...
2018-05-29 23:00:08,154:INFO: - done.
2018-05-29 23:00:08,157:INFO: Starting training for 10 epoch(s)
2018-05-29 23:00:08,157:INFO: Epoch 1/10
2018-05-29 23:04:31,067:INFO: Loading the datasets...
2018-05-29 23:04:31,087:INFO: - done.
2018-05-29 23:04:31,089:INFO: Starting training for 10 epoch(s)
2018-05-29 23:04:31,089:INFO: Epoch 1/10
2018-05-29 23:04:55,604:INFO: - Train metrics: accuracy: 0.500 ; loss: 0.722
2018-05-29 23:05:00,404:INFO: - Eval metrics : accuracy: 0.992 ; loss: 0.693
2018-05-29 23:05:00,413:INFO: - Found new best accuracy
2018-05-29 23:05:00,414:INFO: Epoch 2/10
2018-05-29 23:05:24,804:INFO: - Train metrics: accuracy: 1.000 ; loss: 0.693
2018-05-29 23:05:29,558:INFO: - Eval metrics : accuracy: 0.992 ; loss: 0.693
2018-05-29 23:05:29,567:INFO: - Found new best accuracy
2018-05-29 23:05:29,567:INFO: Epoch 3/10
2018-05-29 23:05:58,553:INFO: Loading the datasets...
2018-05-29 23:05:58,573:INFO: - done.
2018-05-29 23:05:58,576:INFO: Starting training for 10 epoch(s)
2018-05-29 23:05:58,576:INFO: Epoch 1/10
2018-05-29 23:06:24,029:INFO: - Train metrics: accuracy: 0.500 ; loss: 0.718
2018-05-29 23:06:28,970:INFO: - Eval metrics : accuracy: 0.992 ; loss: 0.684
2018-05-29 23:06:28,979:INFO: - Found new best accuracy
2018-05-29 23:06:28,980:INFO: Epoch 2/10
2018-05-29 23:06:54,089:INFO: - Train metrics: accuracy: 1.000 ; loss: 0.690
2018-05-29 23:06:58,925:INFO: - Eval metrics : accuracy: 0.992 ; loss: 0.684
2018-05-29 23:06:58,934:INFO: - Found new best accuracy
2018-05-29 23:06:58,934:INFO: Epoch 3/10
2018-06-01 21:36:33,146:INFO: Loading the datasets...
2018-06-01 21:36:33,361:INFO: - done.
2018-06-01 21:36:33,439:INFO: Starting training for 10 epoch(s)
2018-06-01 21:36:33,439:INFO: Epoch 1/10
2018-06-01 21:36:56,842:INFO: - Train metrics: accuracy: 0.500 ; loss: 0.004
2018-06-01 21:37:01,660:INFO: - Eval metrics : accuracy: 0.992 ; loss: 0.009
2018-06-01 21:37:01,667:INFO: - Found new best accuracy
2018-06-01 21:37:01,667:INFO: Epoch 2/10
2018-06-01 21:37:22,783:INFO: - Train metrics: accuracy: 1.000 ; loss: 0.003
2018-06-01 21:37:26,909:INFO: - Eval metrics : accuracy: 0.992 ; loss: 0.009
2018-06-01 21:37:26,916:INFO: - Found new best accuracy
2018-06-01 21:37:26,917:INFO: Epoch 3/10
2018-06-01 21:37:47,804:INFO: - Train metrics: accuracy: 0.984 ; loss: 0.014
2018-06-01 21:37:52,065:INFO: - Eval metrics : accuracy: 0.992 ; loss: 0.009
2018-06-01 21:37:52,073:INFO: - Found new best accuracy
2018-06-01 21:37:52,073:INFO: Epoch 4/10
2018-06-01 21:38:13,201:INFO: - Train metrics: accuracy: 0.984 ; loss: 0.014
2018-06-01 21:38:17,515:INFO: - Eval metrics : accuracy: 0.992 ; loss: 0.009
2018-06-01 21:38:17,522:INFO: - Found new best accuracy
2018-06-01 21:38:17,522:INFO: Epoch 5/10
2018-06-01 21:38:38,496:INFO: - Train metrics: accuracy: 1.000 ; loss: 0.003
2018-06-01 21:38:42,673:INFO: - Eval metrics : accuracy: 0.992 ; loss: 0.009
2018-06-01 21:38:42,679:INFO: - Found new best accuracy
2018-06-01 21:38:42,680:INFO: Epoch 6/10
2018-06-01 21:39:03,414:INFO: - Train metrics: accuracy: 1.000 ; loss: 0.003
2018-06-01 21:39:07,806:INFO: - Eval metrics : accuracy: 0.992 ; loss: 0.009
2018-06-01 21:39:07,813:INFO: - Found new best accuracy
2018-06-01 21:39:07,813:INFO: Epoch 7/10
2018-06-01 21:39:30,829:INFO: - Train metrics: accuracy: 1.000 ; loss: 0.003
2018-06-01 21:39:35,752:INFO: - Eval metrics : accuracy: 0.992 ; loss: 0.009
2018-06-01 21:39:35,759:INFO: - Found new best accuracy
2018-06-01 21:39:35,765:INFO: Epoch 8/10
2018-06-01 21:40:00,038:INFO: - Train metrics: accuracy: 1.000 ; loss: 0.003
2018-06-01 21:40:04,476:INFO: - Eval metrics : accuracy: 0.992 ; loss: 0.009
2018-06-01 21:40:04,483:INFO: - Found new best accuracy
2018-06-01 21:40:04,501:INFO: Epoch 9/10
2018-06-01 21:40:26,170:INFO: - Train metrics: accuracy: 1.000 ; loss: 0.003
2018-06-01 21:40:30,064:INFO: - Eval metrics : accuracy: 0.992 ; loss: 0.009
2018-06-01 21:40:30,071:INFO: - Found new best accuracy
2018-06-01 21:40:30,083:INFO: Epoch 10/10
2018-06-01 21:40:50,998:INFO: - Train metrics: accuracy: 1.000 ; loss: 0.003
2018-06-01 21:40:55,033:INFO: - Eval metrics : accuracy: 0.992 ; loss: 0.009
2018-06-01 21:40:55,040:INFO: - Found new best accuracy
2018-06-01 21:45:50,331:INFO: Loading the datasets...
2018-06-01 21:45:50,352:INFO: - done.
2018-06-01 21:45:50,354:INFO: Starting training for 2 epoch(s)
2018-06-01 21:45:50,355:INFO: Epoch 1/2
2018-06-01 21:46:13,313:INFO: - Train metrics: accuracy: 0.500 ; loss: 0.004
2018-06-01 21:46:17,551:INFO: - Eval metrics : accuracy: 0.992 ; loss: 0.009
2018-06-01 21:46:17,558:INFO: - Found new best accuracy
2018-06-01 21:46:17,563:INFO: Epoch 2/2
2018-06-01 21:46:40,332:INFO: - Train metrics: accuracy: 1.000 ; loss: 0.003
2018-06-01 21:46:44,438:INFO: - Eval metrics : accuracy: 0.992 ; loss: 0.009
2018-06-01 21:46:44,446:INFO: - Found new best accuracy
2018-06-01 22:19:17,600:INFO: Loading the datasets...
2018-06-01 22:19:17,621:INFO: - done.
2018-06-01 22:19:17,623:INFO: Starting training for 2 epoch(s)
2018-06-01 22:19:17,623:INFO: Epoch 1/2
2018-06-01 22:19:41,870:INFO: - Train metrics: accuracy: 0.000 ; loss: 0.000
2018-06-01 22:19:46,507:INFO: - Eval metrics : accuracy: 0.029 ; loss: 0.000
2018-06-01 22:19:46,515:INFO: - Found new best accuracy
2018-06-01 22:19:46,527:INFO: Epoch 2/2
2018-06-01 22:20:08,187:INFO: - Train metrics: accuracy: 0.000 ; loss: 0.000
2018-06-01 22:20:12,632:INFO: - Eval metrics : accuracy: 0.029 ; loss: 0.000
2018-06-01 22:20:12,639:INFO: - Found new best accuracy
2018-06-01 22:22:09,720:INFO: Loading the datasets...
2018-06-01 22:22:09,740:INFO: - done.
2018-06-01 22:22:09,742:INFO: Starting training for 2 epoch(s)
2018-06-01 22:22:09,742:INFO: Epoch 1/2
2018-06-01 22:22:30,061:INFO: - Train metrics: accuracy: 0.500 ; loss: 0.000
2018-06-01 22:22:34,285:INFO: - Eval metrics : accuracy: 0.992 ; loss: 0.006
2018-06-01 22:22:34,292:INFO: - Found new best accuracy
2018-06-01 22:22:34,313:INFO: Epoch 2/2
2018-06-01 22:22:54,473:INFO: - Train metrics: accuracy: 1.000 ; loss: 0.000
2018-06-01 22:23:10,081:INFO: Loading the datasets...
2018-06-01 22:23:10,101:INFO: - done.
2018-06-01 22:23:10,103:INFO: Starting training for 2 epoch(s)
2018-06-01 22:23:10,103:INFO: Epoch 1/2
2018-06-01 22:23:30,779:INFO: - Train metrics: accuracy: 0.500 ; loss: 0.000
2018-06-01 22:23:35,142:INFO: - Eval metrics : accuracy: 0.992 ; loss: 0.011
2018-06-01 22:23:35,150:INFO: - Found new best accuracy
2018-06-01 22:23:35,154:INFO: Epoch 2/2
2018-06-01 22:23:51,947:INFO: Loading the datasets...
2018-06-01 22:23:51,968:INFO: - done.
2018-06-01 22:23:51,970:INFO: Starting training for 2 epoch(s)
2018-06-01 22:23:51,970:INFO: Epoch 1/2
2018-06-01 22:24:12,761:INFO: - Train metrics: accuracy: 0.500 ; loss: 0.000
2018-06-01 22:24:16,999:INFO: - Eval metrics : accuracy: 0.992 ; loss: 0.573
2018-06-01 22:24:17,006:INFO: - Found new best accuracy
2018-06-01 22:24:17,012:INFO: Epoch 2/2
2018-06-01 22:26:06,752:INFO: Loading the datasets...
2018-06-01 22:26:06,772:INFO: - done.
2018-06-01 22:26:06,774:INFO: Starting training for 2 epoch(s)
2018-06-01 22:26:06,774:INFO: Epoch 1/2
2018-06-01 22:26:27,401:INFO: - Train metrics: accuracy: 0.000 ; loss: 0.000
2018-06-01 22:26:31,614:INFO: - Eval metrics : accuracy: 0.029 ; loss: 0.000
2018-06-01 22:26:31,622:INFO: - Found new best accuracy
2018-06-01 22:26:31,622:INFO: Epoch 2/2
2018-06-01 22:27:16,662:INFO: Loading the datasets...
2018-06-01 22:27:16,682:INFO: - done.
2018-06-01 22:27:16,684:INFO: Starting training for 2 epoch(s)
2018-06-01 22:27:16,684:INFO: Epoch 1/2
2018-06-01 22:27:37,607:INFO: - Train metrics: accuracy: 0.500 ; loss: 0.000
2018-06-01 22:27:41,906:INFO: - Eval metrics : accuracy: 0.992 ; loss: 0.573
2018-06-01 22:27:41,913:INFO: - Found new best accuracy
2018-06-01 22:27:41,923:INFO: Epoch 2/2
2018-06-01 22:54:05,884:INFO: Loading the datasets...
2018-06-01 22:54:05,905:INFO: - done.
2018-06-01 22:54:05,907:INFO: Starting training for 2 epoch(s)
2018-06-01 22:54:05,907:INFO: Epoch 1/2
2018-06-01 22:54:27,045:INFO: - Train metrics: accuracy: 0.500 ; loss: 0.000
2018-06-01 22:54:31,320:INFO: - Eval metrics : accuracy: 0.992 ; loss: 0.573
2018-06-01 22:54:31,326:INFO: - Found new best accuracy
2018-06-01 22:54:31,341:INFO: Epoch 2/2
2018-06-01 22:58:54,294:INFO: Loading the datasets...
2018-06-01 22:58:54,315:INFO: - done.
2018-06-01 22:58:54,317:INFO: Starting training for 2 epoch(s)
2018-06-01 22:58:54,317:INFO: Epoch 1/2
2018-06-01 22:59:15,180:INFO: - Train metrics: accuracy: 0.000 ; loss: 0.000
2018-06-01 22:59:19,447:INFO: - Eval metrics : accuracy: 0.029 ; loss: 0.000
2018-06-01 22:59:19,454:INFO: - Found new best accuracy
2018-06-01 22:59:19,478:INFO: Epoch 2/2
2018-06-01 22:59:40,241:INFO: - Train metrics: accuracy: 0.000 ; loss: 0.000
2018-06-01 22:59:44,455:INFO: - Eval metrics : accuracy: 0.029 ; loss: 0.000
2018-06-01 22:59:44,462:INFO: - Found new best accuracy
2018-06-02 21:56:23,272:INFO: Loading the datasets...
2018-06-02 21:56:23,293:INFO: - done.
2018-06-02 21:56:23,295:INFO: Starting training for 2 epoch(s)
2018-06-02 21:56:23,295:INFO: Epoch 1/2
2018-06-02 23:32:01,583:INFO: Loading the datasets...
2018-06-02 23:32:01,604:INFO: - done.
2018-06-02 23:33:10,940:INFO: Loading the datasets...
2018-06-02 23:33:10,960:INFO: - done.
2018-06-02 23:33:13,204:INFO: Starting training for 2 epoch(s)
2018-06-02 23:33:13,205:INFO: Epoch 1/2
2018-06-02 23:34:30,678:INFO: Loading the datasets...
2018-06-02 23:34:30,699:INFO: - done.
2018-06-03 00:00:35,331:INFO: Loading the datasets...
2018-06-03 00:00:35,351:INFO: - done.
2018-06-03 00:00:51,138:INFO: Loading the datasets...
2018-06-03 00:00:51,158:INFO: - done.
2018-06-03 00:00:51,479:INFO: Starting training for 2 epoch(s)
2018-06-03 00:00:51,479:INFO: Epoch 1/2
2018-06-03 00:02:03,971:INFO: Loading the datasets...
2018-06-03 00:02:03,991:INFO: - done.
2018-06-03 00:02:04,309:INFO: Starting training for 2 epoch(s)
2018-06-03 00:02:04,309:INFO: Epoch 1/2
2018-06-03 00:02:31,446:INFO: Loading the datasets...
2018-06-03 00:02:31,466:INFO: - done.
2018-06-03 00:02:31,777:INFO: Starting training for 2 epoch(s)
2018-06-03 00:02:31,777:INFO: Epoch 1/2
2018-06-03 00:02:48,306:INFO: Loading the datasets...
2018-06-03 00:02:48,327:INFO: - done.
2018-06-03 00:02:48,641:INFO: Starting training for 2 epoch(s)
2018-06-03 00:02:48,641:INFO: Epoch 1/2
2018-06-03 00:03:10,913:INFO: Loading the datasets...
2018-06-03 00:03:10,933:INFO: - done.
2018-06-03 00:03:11,245:INFO: Starting training for 2 epoch(s)
2018-06-03 00:03:11,246:INFO: Epoch 1/2
2018-06-03 00:03:18,728:INFO: Loading the datasets...
2018-06-03 00:03:18,751:INFO: - done.
2018-06-03 00:03:19,060:INFO: Starting training for 2 epoch(s)
2018-06-03 00:03:19,061:INFO: Epoch 1/2
2018-06-03 00:04:05,215:INFO: Loading the datasets...
2018-06-03 00:04:05,235:INFO: - done.
2018-06-03 00:04:05,551:INFO: Starting training for 2 epoch(s)
2018-06-03 00:04:05,551:INFO: Epoch 1/2
2018-06-03 00:04:12,294:INFO: Loading the datasets...
2018-06-03 00:04:12,314:INFO: - done.
2018-06-03 00:04:12,631:INFO: Starting training for 2 epoch(s)
2018-06-03 00:04:12,632:INFO: Epoch 1/2
2018-06-03 00:04:36,965:INFO: Loading the datasets...
2018-06-03 00:04:36,986:INFO: - done.
2018-06-03 00:04:37,313:INFO: Starting training for 2 epoch(s)
2018-06-03 00:04:37,313:INFO: Epoch 1/2
2018-06-03 00:04:45,836:INFO: Loading the datasets...
2018-06-03 00:04:45,857:INFO: - done.
2018-06-03 00:04:46,174:INFO: Starting training for 2 epoch(s)
2018-06-03 00:04:46,175:INFO: Epoch 1/2
2018-06-03 00:06:01,636:INFO: Loading the datasets...
2018-06-03 00:06:01,655:INFO: - done.
2018-06-03 00:06:01,977:INFO: Starting training for 2 epoch(s)
2018-06-03 00:06:01,977:INFO: Epoch 1/2
2018-06-03 00:06:30,380:INFO: Loading the datasets...
2018-06-03 00:06:30,400:INFO: - done.
2018-06-03 00:06:30,734:INFO: Starting training for 2 epoch(s)
2018-06-03 00:06:30,734:INFO: Epoch 1/2
2018-06-03 00:06:46,205:INFO: Loading the datasets...
2018-06-03 00:06:46,225:INFO: - done.
2018-06-03 00:06:46,533:INFO: Starting training for 2 epoch(s)
2018-06-03 00:06:46,533:INFO: Epoch 1/2
2018-06-03 00:06:57,831:INFO: Loading the datasets...
2018-06-03 00:06:57,852:INFO: - done.
2018-06-03 00:06:58,167:INFO: Starting training for 2 epoch(s)
2018-06-03 00:06:58,167:INFO: Epoch 1/2
2018-06-03 00:07:09,581:INFO: Loading the datasets...
2018-06-03 00:07:09,602:INFO: - done.
2018-06-03 00:07:09,919:INFO: Starting training for 2 epoch(s)
2018-06-03 00:07:09,920:INFO: Epoch 1/2
2018-06-03 00:07:23,850:INFO: Loading the datasets...
2018-06-03 00:07:23,873:INFO: - done.
2018-06-03 00:07:24,200:INFO: Starting training for 2 epoch(s)
2018-06-03 00:07:24,200:INFO: Epoch 1/2
2018-06-03 00:09:17,096:INFO: Loading the datasets...
2018-06-03 00:09:17,117:INFO: - done.
2018-06-03 00:09:17,436:INFO: Starting training for 2 epoch(s)
2018-06-03 00:09:17,436:INFO: Epoch 1/2
2018-06-03 00:13:46,329:INFO: Loading the datasets...
2018-06-03 00:13:46,349:INFO: - done.
2018-06-03 00:13:46,661:INFO: Starting training for 2 epoch(s)
2018-06-03 00:13:46,661:INFO: Epoch 1/2
2018-06-03 00:13:57,536:INFO: Loading the datasets...
2018-06-03 00:13:57,557:INFO: - done.
2018-06-03 00:13:57,880:INFO: Starting training for 2 epoch(s)
2018-06-03 00:13:57,880:INFO: Epoch 1/2
2018-06-03 00:18:34,794:INFO: Loading the datasets...
2018-06-03 00:18:34,815:INFO: - done.
2018-06-03 00:18:35,127:INFO: Starting training for 2 epoch(s)
2018-06-03 00:18:35,127:INFO: Epoch 1/2
2018-06-03 00:23:55,896:INFO: Loading the datasets...
2018-06-03 00:23:55,917:INFO: - done.
2018-06-03 00:23:56,230:INFO: Starting training for 2 epoch(s)
2018-06-03 00:23:56,230:INFO: Epoch 1/2
2018-06-03 00:24:13,494:INFO: Loading the datasets...
2018-06-03 00:24:13,514:INFO: - done.
2018-06-03 00:24:13,826:INFO: Starting training for 2 epoch(s)
2018-06-03 00:24:13,826:INFO: Epoch 1/2
2018-06-03 00:24:23,998:INFO: Loading the datasets...
2018-06-03 00:24:24,018:INFO: - done.
2018-06-03 00:24:24,330:INFO: Starting training for 2 epoch(s)
2018-06-03 00:24:24,330:INFO: Epoch 1/2
2018-06-03 00:24:33,891:INFO: Loading the datasets...
2018-06-03 00:24:33,913:INFO: - done.
2018-06-03 00:24:34,241:INFO: Starting training for 2 epoch(s)
2018-06-03 00:24:34,241:INFO: Epoch 1/2
2018-06-03 00:24:58,291:INFO: Loading the datasets...
2018-06-03 00:24:58,313:INFO: - done.
2018-06-03 00:24:58,630:INFO: Starting training for 2 epoch(s)
2018-06-03 00:24:58,630:INFO: Epoch 1/2
2018-06-03 00:25:39,955:INFO: Loading the datasets...
2018-06-03 00:25:39,976:INFO: - done.
2018-06-03 00:25:40,288:INFO: Starting training for 2 epoch(s)
2018-06-03 00:25:40,289:INFO: Epoch 1/2
2018-06-03 00:32:20,697:INFO: Loading the datasets...
2018-06-03 00:32:20,717:INFO: - done.
2018-06-03 00:32:21,030:INFO: Starting training for 2 epoch(s)
2018-06-03 00:32:21,030:INFO: Epoch 1/2
2018-06-03 00:32:41,268:INFO: Loading the datasets...
2018-06-03 00:32:41,289:INFO: - done.
2018-06-03 00:32:41,616:INFO: Starting training for 2 epoch(s)
2018-06-03 00:32:41,616:INFO: Epoch 1/2
2018-06-03 00:33:22,133:INFO: Loading the datasets...
2018-06-03 00:33:22,153:INFO: - done.
2018-06-03 00:33:22,469:INFO: Starting training for 2 epoch(s)
2018-06-03 00:33:22,469:INFO: Epoch 1/2
2018-06-03 00:33:33,274:INFO: Loading the datasets...
2018-06-03 00:33:33,294:INFO: - done.
2018-06-03 00:33:33,614:INFO: Starting training for 2 epoch(s)
2018-06-03 00:33:33,614:INFO: Epoch 1/2
2018-06-03 00:36:08,340:INFO: Loading the datasets...
2018-06-03 00:36:08,360:INFO: - done.
2018-06-03 00:36:08,682:INFO: Starting training for 2 epoch(s)
2018-06-03 00:36:08,682:INFO: Epoch 1/2
2018-06-03 00:38:23,645:INFO: Loading the datasets...
2018-06-03 00:38:23,666:INFO: - done.
2018-06-03 00:38:23,991:INFO: Starting training for 2 epoch(s)
2018-06-03 00:38:23,991:INFO: Epoch 1/2
2018-06-03 00:46:31,303:INFO: Loading the datasets...
2018-06-03 00:46:31,324:INFO: - done.
2018-06-03 00:46:31,654:INFO: Starting training for 2 epoch(s)
2018-06-03 00:46:31,655:INFO: Epoch 1/2
2018-06-03 01:20:25,435:INFO: - Train metrics: accuracy: 0.000 ; loss: 0.430
2018-06-04 11:55:22,025:INFO: Loading the datasets...
2018-06-04 11:55:22,047:INFO: - done.
2018-06-04 11:57:25,773:INFO: Loading the datasets...
2018-06-04 11:57:25,798:INFO: - done.
2018-06-04 12:03:11,794:INFO: Loading the datasets...
2018-06-04 12:03:11,819:INFO: - done.
2018-06-04 12:18:49,780:INFO: Loading the datasets...
2018-06-04 12:18:49,805:INFO: - done.
2018-06-04 12:27:59,693:INFO: Loading the datasets...
2018-06-04 12:27:59,735:INFO: - done.
2018-06-04 13:14:02,519:INFO: Loading the datasets...
2018-06-04 13:14:02,544:INFO: - done.
2018-06-04 13:18:34,711:INFO: Loading the datasets...
2018-06-04 13:18:34,743:INFO: - done.
2018-06-04 13:18:40,954:INFO: Starting training for 2 epoch(s)
2018-06-04 13:18:40,955:INFO: Epoch 1/2
2018-06-04 13:38:04,772:INFO: Loading the datasets...
2018-06-04 13:38:04,772:INFO: - done.
2018-06-04 13:38:05,083:INFO: Starting training for 2 epoch(s)
2018-06-04 13:38:05,083:INFO: Epoch 1/2
2018-06-04 13:38:11,945:INFO: - Train metrics: accuracy: 0.000 ; loss: 0.745
2018-06-04 13:38:54,607:INFO: Loading the datasets...
2018-06-04 13:38:54,607:INFO: - done.
2018-06-04 13:38:54,894:INFO: Starting training for 2 epoch(s)
2018-06-04 13:38:54,895:INFO: Epoch 1/2
2018-06-04 13:39:01,779:INFO: - Train metrics: accuracy: 0.000 ; loss: 0.710
2018-06-04 13:40:35,871:INFO: Loading the datasets...
2018-06-04 13:40:35,872:INFO: - done.
2018-06-04 13:40:36,157:INFO: Starting training for 2 epoch(s)
2018-06-04 13:40:36,157:INFO: Epoch 1/2
2018-06-04 13:40:42,624:INFO: - Train metrics: accuracy: 0.000 ; loss: 0.716
2018-06-04 13:41:32,740:INFO: Loading the datasets...
2018-06-04 13:41:32,741:INFO: - done.
2018-06-04 13:41:33,025:INFO: Starting training for 2 epoch(s)
2018-06-04 13:41:33,025:INFO: Epoch 1/2
2018-06-04 13:41:39,440:INFO: - Train metrics: accuracy: 0.000 ; loss: 0.712
2018-06-04 13:45:59,579:INFO: Loading the datasets...
2018-06-04 13:45:59,580:INFO: - done.
2018-06-04 13:45:59,866:INFO: Starting training for 2 epoch(s)
2018-06-04 13:45:59,866:INFO: Epoch 1/2
2018-06-04 13:46:06,340:INFO: - Train metrics: accuracy: 0.000 ; loss: 0.716
2018-06-04 13:46:54,041:INFO: Loading the datasets...
2018-06-04 13:46:54,042:INFO: - done.
2018-06-04 13:46:54,332:INFO: Starting training for 2 epoch(s)
2018-06-04 13:46:54,332:INFO: Epoch 1/2
2018-06-04 13:47:00,769:INFO: - Train metrics: accuracy: 0.000 ; loss: 0.703
2018-06-04 13:48:32,708:INFO: Loading the datasets...
2018-06-04 13:48:32,708:INFO: - done.
2018-06-04 13:48:32,989:INFO: Starting training for 2 epoch(s)
2018-06-04 13:48:32,989:INFO: Epoch 1/2
2018-06-04 13:48:39,907:INFO: - Train metrics: accuracy: 0.000 ; loss: 0.698
2018-06-04 13:48:42,716:INFO: - Eval metrics : accuracy: 0.000 ; loss: 0.743
2018-06-04 13:48:43,448:INFO: - Found new best accuracy
2018-06-04 13:48:43,450:INFO: Epoch 2/2
2018-06-04 13:48:50,351:INFO: - Train metrics: accuracy: 0.000 ; loss: 0.461
2018-06-04 13:48:52,630:INFO: - Eval metrics : accuracy: 0.000 ; loss: 0.718
2018-06-04 13:48:53,197:INFO: - Found new best accuracy
2018-06-04 13:50:55,938:INFO: Loading the datasets...
2018-06-04 13:50:55,939:INFO: - done.
2018-06-04 13:50:56,263:INFO: Starting training for 5 epoch(s)
2018-06-04 13:50:56,265:INFO: Epoch 1/5
2018-06-04 13:51:02,717:INFO: - Train metrics: accuracy: 0.000 ; loss: 0.720
2018-06-04 13:51:04,976:INFO: - Eval metrics : accuracy: 0.000 ; loss: 0.734
2018-06-04 13:51:05,727:INFO: - Found new best accuracy
2018-06-04 13:51:05,730:INFO: Epoch 2/5
2018-06-04 13:51:13,465:INFO: - Train metrics: accuracy: 0.000 ; loss: 0.448
2018-06-04 13:51:16,186:INFO: - Eval metrics : accuracy: 0.000 ; loss: 0.704
2018-06-04 13:51:16,753:INFO: - Found new best accuracy
2018-06-04 13:51:16,755:INFO: Epoch 3/5
2018-06-04 13:51:24,812:INFO: - Train metrics: accuracy: 0.000 ; loss: 0.297
2018-06-04 13:51:27,149:INFO: - Eval metrics : accuracy: 0.000 ; loss: 0.665
2018-06-04 13:51:27,694:INFO: - Found new best accuracy
2018-06-04 13:51:27,695:INFO: Epoch 4/5
2018-06-04 13:51:35,069:INFO: - Train metrics: accuracy: 0.000 ; loss: 0.291
2018-06-04 13:51:37,518:INFO: - Eval metrics : accuracy: 0.000 ; loss: 0.630
2018-06-04 13:51:38,079:INFO: - Found new best accuracy
2018-06-04 13:51:38,083:INFO: Epoch 5/5
2018-06-04 13:51:45,414:INFO: - Train metrics: accuracy: 0.000 ; loss: 0.147
2018-06-04 13:51:47,622:INFO: - Eval metrics : accuracy: 0.000 ; loss: 0.595
2018-06-04 13:51:48,219:INFO: - Found new best accuracy
2018-06-04 13:53:23,756:INFO: Loading the datasets...
2018-06-04 13:53:23,757:INFO: - done.
2018-06-04 13:53:24,036:INFO: Starting training for 5 epoch(s)
2018-06-04 13:53:24,036:INFO: Epoch 1/5
2018-06-04 13:56:08,650:INFO: Loading the datasets...
2018-06-04 13:56:08,650:INFO: - done.
2018-06-04 13:56:08,954:INFO: Starting training for 5 epoch(s)
2018-06-04 13:56:08,954:INFO: Epoch 1/5
2018-06-04 13:57:26,896:INFO: Loading the datasets...
2018-06-04 13:57:26,896:INFO: - done.
2018-06-04 13:57:27,200:INFO: Starting training for 5 epoch(s)
2018-06-04 13:57:27,201:INFO: Epoch 1/5
2018-06-04 13:57:33,334:INFO: - Train metrics: accuracy: 0.333 ; loss: 0.712
2018-06-04 13:57:35,480:INFO: - Eval metrics : accuracy: 0.333 ; loss: 0.738
2018-06-04 13:57:36,039:INFO: - Found new best accuracy
2018-06-04 13:57:36,040:INFO: Epoch 2/5
2018-06-04 13:57:43,075:INFO: - Train metrics: accuracy: 1.000 ; loss: 0.485
2018-06-04 13:57:45,379:INFO: - Eval metrics : accuracy: 0.333 ; loss: 0.713
2018-06-04 13:57:45,964:INFO: - Found new best accuracy
2018-06-04 13:57:45,965:INFO: Epoch 3/5
2018-06-04 13:57:53,009:INFO: - Train metrics: accuracy: 1.000 ; loss: 0.310
2018-06-04 13:57:55,267:INFO: - Eval metrics : accuracy: 0.500 ; loss: 0.684
2018-06-04 13:57:55,858:INFO: - Found new best accuracy
2018-06-04 13:57:55,861:INFO: Epoch 4/5
2018-06-04 13:58:03,155:INFO: - Train metrics: accuracy: 1.000 ; loss: 0.307
2018-06-04 13:58:05,430:INFO: - Eval metrics : accuracy: 0.667 ; loss: 0.651
2018-06-04 13:58:05,998:INFO: - Found new best accuracy
2018-06-04 13:58:06,000:INFO: Epoch 5/5
2018-06-04 13:58:12,919:INFO: - Train metrics: accuracy: 1.000 ; loss: 0.153
2018-06-04 13:58:15,053:INFO: - Eval metrics : accuracy: 1.000 ; loss: 0.616
2018-06-04 13:58:15,623:INFO: - Found new best accuracy
2018-06-04 21:33:10,369:INFO: Loading the datasets...
2018-06-04 21:33:10,393:INFO: - done.
2018-06-04 21:33:10,830:INFO: Starting training for 5 epoch(s)
2018-06-04 21:33:10,831:INFO: Epoch 1/5
2018-06-04 22:09:33,835:INFO: - Train metrics: accuracy: 0.578 ; loss: 0.429
2018-06-04 22:12:57,484:INFO: - Eval metrics : accuracy: 0.992 ; loss: 0.056
2018-06-04 22:12:59,512:INFO: - Found new best accuracy
2018-06-04 22:12:59,512:INFO: Epoch 2/5
2018-06-04 22:48:10,505:INFO: - Train metrics: accuracy: 0.984 ; loss: 0.081
2018-06-04 22:51:18,676:INFO: - Eval metrics : accuracy: 0.992 ; loss: 0.049
2018-06-04 22:51:20,828:INFO: - Found new best accuracy
2018-06-04 22:51:20,829:INFO: Epoch 3/5
2018-06-05 00:11:10,072:INFO: Loading the datasets...
2018-06-05 00:11:10,094:INFO: - done.
2018-06-05 00:11:10,505:INFO: Starting training for 5 epoch(s)
2018-06-05 00:11:10,505:INFO: Epoch 1/5
2018-06-05 00:12:52,526:INFO: Loading the datasets...
2018-06-05 00:12:52,549:INFO: - done.
2018-06-05 00:12:52,915:INFO: Starting training for 5 epoch(s)
2018-06-05 00:12:52,916:INFO: Epoch 1/5
2018-06-05 00:20:18,258:INFO: Loading the datasets...
2018-06-05 00:20:18,279:INFO: - done.
2018-06-05 00:20:18,612:INFO: Starting training for 5 epoch(s)
2018-06-05 00:20:18,613:INFO: Epoch 1/5
2018-06-05 00:56:38,691:INFO: - Train metrics: accuracy: 0.609 ; loss: 0.432
2018-06-05 00:57:33,492:INFO: Loading the datasets...
2018-06-05 00:57:33,512:INFO: - done.
2018-06-05 00:57:33,841:INFO: Starting training for 5 epoch(s)
2018-06-05 00:57:33,841:INFO: Epoch 1/5
2018-06-05 01:33:33,376:INFO: - Train metrics: accuracy: 0.578 ; loss: 0.430
2018-06-05 02:07:35,646:INFO: Loading the datasets...
2018-06-05 02:07:35,667:INFO: - done.
2018-06-05 02:07:36,007:INFO: Starting training for 5 epoch(s)
2018-06-05 02:07:36,007:INFO: Epoch 1/5
2018-06-05 02:43:08,019:INFO: - Train metrics: accuracy: 0.594 ; loss: 0.431
2018-06-05 04:55:56,296:INFO: Loading the datasets...
2018-06-05 04:55:56,580:INFO: - done.
2018-06-05 04:56:16,984:INFO: Starting training for 5 epoch(s)
2018-06-05 04:56:16,984:INFO: Epoch 1/5
2018-06-05 04:57:15,526:INFO: - Train metrics: accuracy: 0.547 ; loss: 0.431
2018-06-05 05:00:59,559:INFO: Loading the datasets...
2018-06-05 05:00:59,579:INFO: - done.
2018-06-05 05:01:03,896:INFO: Starting training for 5 epoch(s)
2018-06-05 05:01:03,896:INFO: Epoch 1/5
2018-06-05 05:01:59,297:INFO: - Train metrics: accuracy: 0.578 ; loss: 0.433
2018-06-05 05:07:26,550:INFO: Loading the datasets...
2018-06-05 05:07:26,570:INFO: - done.
2018-06-05 05:07:30,790:INFO: Starting training for 5 epoch(s)
2018-06-05 05:07:30,791:INFO: Epoch 1/5
2018-06-05 05:08:26,628:INFO: - Train metrics: accuracy: 0.531 ; loss: 0.431
2018-06-05 05:08:46,242:INFO: Loading the datasets...
2018-06-05 05:08:46,261:INFO: - done.
2018-06-05 05:08:50,517:INFO: Starting training for 5 epoch(s)
2018-06-05 05:08:50,517:INFO: Epoch 1/5
2018-06-05 05:09:46,025:INFO: - Train metrics: accuracy: 0.547 ; loss: 0.433
2018-06-05 05:10:50,658:INFO: Loading the datasets...
2018-06-05 05:10:50,677:INFO: - done.
2018-06-05 05:10:54,931:INFO: Starting training for 5 epoch(s)
2018-06-05 05:10:54,931:INFO: Epoch 1/5
2018-06-05 05:11:50,409:INFO: - Train metrics: accuracy: 0.547 ; loss: 0.431
2018-06-05 05:13:10,355:INFO: Loading the datasets...
2018-06-05 05:13:10,375:INFO: - done.
2018-06-05 05:13:14,499:INFO: Starting training for 5 epoch(s)
2018-06-05 05:13:14,499:INFO: Epoch 1/5
2018-06-05 05:14:09,986:INFO: - Train metrics: accuracy: 0.578 ; loss: 0.433
2018-06-05 05:15:25,822:INFO: Loading the datasets...
2018-06-05 05:15:25,841:INFO: - done.
2018-06-05 05:15:30,012:INFO: Starting training for 5 epoch(s)
2018-06-05 05:15:30,012:INFO: Epoch 1/5
2018-06-05 05:16:25,658:INFO: - Train metrics: accuracy: 0.562 ; loss: 0.432
2018-06-05 05:18:37,408:INFO: Loading the datasets...
2018-06-05 05:18:37,430:INFO: - done.
2018-06-05 05:18:41,681:INFO: Starting training for 5 epoch(s)
2018-06-05 05:18:41,681:INFO: Epoch 1/5
2018-06-05 05:19:37,472:INFO: - Train metrics: accuracy: 0.531 ; loss: 0.432
2018-06-05 05:20:28,789:INFO: Loading the datasets...
2018-06-05 05:20:28,809:INFO: - done.
2018-06-05 05:20:33,156:INFO: Starting training for 5 epoch(s)
2018-06-05 05:20:33,156:INFO: Epoch 1/5
2018-06-05 05:21:28,804:INFO: - Train metrics: accuracy: 0.578 ; loss: 0.433
2018-06-05 05:22:21,076:INFO: Loading the datasets...
2018-06-05 05:22:21,094:INFO: - done.
2018-06-05 05:22:25,371:INFO: Starting training for 5 epoch(s)
2018-06-05 05:22:25,372:INFO: Epoch 1/5
2018-06-05 05:23:21,390:INFO: - Train metrics: accuracy: 0.578 ; loss: 0.432
2018-06-05 05:28:21,731:INFO: Loading the datasets...
2018-06-05 05:28:21,752:INFO: - done.
2018-06-05 05:28:26,050:INFO: Starting training for 5 epoch(s)
2018-06-05 05:28:26,050:INFO: Epoch 1/5
2018-06-05 05:29:24,655:INFO: Loading the datasets...
2018-06-05 05:29:24,675:INFO: - done.
2018-06-05 05:29:28,913:INFO: Starting training for 5 epoch(s)
2018-06-05 05:29:28,914:INFO: Epoch 1/5
2018-06-05 05:30:24,340:INFO: - Train metrics: accuracy: 0.578 ; loss: 0.431
2018-06-05 05:30:24,342:INFO: Epoch 2/5
2018-06-05 05:31:07,522:INFO: - Train metrics: accuracy: 0.984 ; loss: 0.085
2018-06-05 05:31:07,524:INFO: Epoch 3/5
2018-06-05 05:31:50,874:INFO: - Train metrics: accuracy: 0.984 ; loss: 0.068
2018-06-05 05:31:50,876:INFO: Epoch 4/5
2018-06-05 05:32:34,280:INFO: - Train metrics: accuracy: 0.984 ; loss: 0.066
2018-06-05 05:32:34,283:INFO: Epoch 5/5
2018-06-05 05:43:59,495:INFO: Loading the datasets...
2018-06-05 05:43:59,515:INFO: - done.
2018-06-05 05:44:03,835:INFO: Starting training for 5 epoch(s)
2018-06-05 05:44:03,835:INFO: Epoch 1/5
2018-06-05 05:44:59,353:INFO: - Train metrics: accuracy: 0.609 ; loss: 0.433
2018-06-05 05:45:04,233:INFO: Epoch 2/5
2018-06-05 05:45:47,746:INFO: - Train metrics: accuracy: 0.984 ; loss: 0.077
2018-06-05 05:45:52,562:INFO: Epoch 3/5
2018-06-05 05:46:35,918:INFO: - Train metrics: accuracy: 1.000 ; loss: 0.018
2018-06-05 05:46:40,734:INFO: Epoch 4/5
2018-06-05 05:47:19,070:INFO: Loading the datasets...
2018-06-05 05:47:19,089:INFO: - done.
2018-06-05 05:47:23,511:INFO: Starting training for 5 epoch(s)
2018-06-05 05:47:23,512:INFO: Epoch 1/5
2018-06-05 05:48:19,274:INFO: - Train metrics: accuracy: 0.547 ; loss: 0.433
2018-06-05 05:51:23,954:INFO: Loading the datasets...
2018-06-05 05:51:23,973:INFO: - done.
2018-06-05 05:51:28,277:INFO: Starting training for 5 epoch(s)
2018-06-05 05:51:28,278:INFO: Epoch 1/5
2018-06-05 05:52:23,928:INFO: - Train metrics: accuracy: 0.547 ; loss: 0.434
2018-06-05 05:52:28,686:INFO: Epoch 2/5
2018-06-05 05:53:12,073:INFO: - Train metrics: accuracy: 0.984 ; loss: 0.079
2018-06-05 05:53:16,838:INFO: Epoch 3/5
2018-06-05 18:58:44,280:INFO: Loading the datasets...
2018-06-05 18:58:44,301:INFO: - done.
2018-06-05 18:58:48,556:INFO: Starting training for 5 epoch(s)
2018-06-05 18:58:48,556:INFO: Epoch 1/5
2018-06-05 18:59:44,058:INFO: - Train metrics: accuracy: 0.578 ; loss: 0.432
2018-06-05 19:18:09,527:INFO: Loading the datasets...
2018-06-05 19:18:09,547:INFO: - done.
2018-06-05 19:18:13,820:INFO: Starting training for 5 epoch(s)
2018-06-05 19:18:13,820:INFO: Epoch 1/5
2018-06-05 19:19:09,464:INFO: - Train metrics: accuracy: 0.516 ; loss: 0.432
2018-06-05 19:19:51,513:INFO: Loading the datasets...
2018-06-05 19:19:51,536:INFO: - done.
2018-06-05 19:19:55,902:INFO: Starting training for 5 epoch(s)
2018-06-05 19:19:55,902:INFO: Epoch 1/5
2018-06-05 19:20:51,535:INFO: - Train metrics: accuracy: 0.547 ; loss: 0.431
2018-06-05 19:26:29,457:INFO: Loading the datasets...
2018-06-05 19:26:29,477:INFO: - done.
2018-06-05 19:26:33,703:INFO: Starting training for 5 epoch(s)
2018-06-05 19:26:33,703:INFO: Epoch 1/5
2018-06-05 19:27:29,269:INFO: - Train metrics: accuracy: 0.562 ; loss: 0.434
2018-06-05 19:27:34,071:INFO: Epoch 2/5
2018-06-05 19:30:11,159:INFO: Loading the datasets...
2018-06-05 19:30:11,178:INFO: - done.
2018-06-05 19:30:15,439:INFO: Starting training for 5 epoch(s)
2018-06-05 19:30:15,440:INFO: Epoch 1/5
2018-06-05 19:31:11,328:INFO: - Train metrics: accuracy: 0.531 ; loss: 0.431
2018-06-05 19:31:16,197:INFO: Epoch 2/5
2018-06-05 19:33:58,976:INFO: Loading the datasets...
2018-06-05 19:33:58,996:INFO: - done.
2018-06-05 19:34:03,251:INFO: Starting training for 5 epoch(s)
2018-06-05 19:34:03,251:INFO: Epoch 1/5
2018-06-05 19:34:58,902:INFO: - Train metrics: accuracy: 0.562 ; loss: 0.433
2018-06-05 19:35:03,712:INFO: Epoch 2/5
2018-06-05 19:35:47,004:INFO: - Train metrics: accuracy: 0.984 ; loss: 0.081
2018-06-05 19:35:51,790:INFO: Epoch 3/5
2018-06-05 19:36:34,872:INFO: - Train metrics: accuracy: 1.000 ; loss: 0.020
2018-06-05 19:36:39,647:INFO: Epoch 4/5
2018-06-05 19:44:05,785:INFO: Loading the datasets...
2018-06-05 19:44:05,805:INFO: - done.
2018-06-05 19:44:10,099:INFO: Starting training for 2 epoch(s)
2018-06-05 19:44:10,099:INFO: Epoch 1/2
2018-06-05 19:45:05,457:INFO: - Train metrics: accuracy: 0.562 ; loss: 0.432
2018-06-05 19:45:58,192:INFO: Loading the datasets...
2018-06-05 19:45:58,212:INFO: - done.
2018-06-05 19:46:02,450:INFO: Starting training for 2 epoch(s)
2018-06-05 19:46:02,450:INFO: Epoch 1/2
2018-06-05 19:46:58,116:INFO: - Train metrics: accuracy: 0.531 ; loss: 0.432
2018-06-05 20:14:48,027:INFO: Loading the datasets...
2018-06-05 20:14:48,047:INFO: - done.
2018-06-05 20:14:52,301:INFO: Starting training for 2 epoch(s)
2018-06-05 20:14:52,301:INFO: Epoch 1/2
2018-06-05 20:15:47,935:INFO: - Train metrics: accuracy: 0.578 ; loss: 0.430
2018-06-05 20:16:30,940:INFO: Loading the datasets...
2018-06-05 20:16:30,960:INFO: - done.
2018-06-05 20:16:35,225:INFO: Starting training for 2 epoch(s)
2018-06-05 20:16:35,225:INFO: Epoch 1/2
2018-06-05 20:21:41,616:INFO: Loading the datasets...
2018-06-05 20:21:41,635:INFO: - done.
2018-06-05 20:21:45,847:INFO: Starting training for 2 epoch(s)
2018-06-05 20:21:45,847:INFO: Epoch 1/2
2018-06-05 20:22:41,708:INFO: - Train metrics: accuracy: 0.578 ; loss: 0.434
2018-06-05 20:23:17,058:INFO: Loading the datasets...
2018-06-05 20:23:17,078:INFO: - done.
2018-06-05 20:23:21,301:INFO: Starting training for 2 epoch(s)
2018-06-05 20:23:21,301:INFO: Epoch 1/2
2018-06-05 20:24:16,961:INFO: - Train metrics: accuracy: 0.547 ; loss: 0.434
2018-06-05 20:24:21,763:INFO: Epoch 2/2
2018-06-05 20:25:03,525:INFO: Loading the datasets...
2018-06-05 20:25:03,544:INFO: - done.
2018-06-05 20:25:07,809:INFO: Starting training for 2 epoch(s)
2018-06-05 20:25:07,810:INFO: Epoch 1/2
2018-06-05 20:26:03,542:INFO: - Train metrics: accuracy: 0.562 ; loss: 0.431
2018-06-05 20:26:31,616:INFO: Loading the datasets...
2018-06-05 20:26:31,635:INFO: - done.
2018-06-05 20:26:35,858:INFO: Starting training for 2 epoch(s)
2018-06-05 20:26:35,858:INFO: Epoch 1/2
2018-06-05 20:27:31,677:INFO: - Train metrics: accuracy: 0.562 ; loss: 0.433
2018-06-05 20:29:01,819:INFO: Loading the datasets...
2018-06-05 20:29:01,839:INFO: - done.
2018-06-05 20:29:06,167:INFO: Starting training for 2 epoch(s)
2018-06-05 20:29:06,167:INFO: Epoch 1/2
2018-06-05 20:30:02,231:INFO: - Train metrics: accuracy: 0.562 ; loss: 0.431
2018-06-05 20:31:26,021:INFO: Loading the datasets...
2018-06-05 20:31:26,041:INFO: - done.
2018-06-05 20:31:30,379:INFO: Starting training for 2 epoch(s)
2018-06-05 20:31:30,379:INFO: Epoch 1/2
2018-06-05 20:32:25,839:INFO: - Train metrics: accuracy: 0.562 ; loss: 0.430
2018-06-05 20:32:30,667:INFO: Epoch 2/2
2018-06-05 20:33:13,778:INFO: - Train metrics: accuracy: 0.984 ; loss: 0.077
2018-06-05 20:35:15,299:INFO: Loading the datasets...
2018-06-05 20:35:15,318:INFO: - done.
2018-06-05 20:35:19,588:INFO: Starting training for 5 epoch(s)
2018-06-05 20:35:19,589:INFO: Epoch 1/5
2018-06-05 20:36:15,011:INFO: - Train metrics: accuracy: 0.578 ; loss: 0.432
2018-06-05 20:36:19,859:INFO: Epoch 2/5
2018-06-05 20:37:03,287:INFO: - Train metrics: accuracy: 0.984 ; loss: 0.079
2018-06-05 20:37:08,092:INFO: Epoch 3/5
2018-06-05 20:37:51,435:INFO: - Train metrics: accuracy: 1.000 ; loss: 0.018
2018-06-05 20:37:56,259:INFO: Epoch 4/5
2018-06-05 20:38:39,831:INFO: - Train metrics: accuracy: 0.984 ; loss: 0.060
2018-06-05 20:38:44,633:INFO: Epoch 5/5
2018-06-05 20:41:18,520:INFO: Loading the datasets...
2018-06-05 20:41:18,540:INFO: - done.
2018-06-05 20:41:22,832:INFO: Starting training for 5 epoch(s)
2018-06-05 20:41:22,832:INFO: Epoch 1/5
2018-06-05 20:42:47,894:INFO: Loading the datasets...
2018-06-05 20:42:47,914:INFO: - done.
2018-06-05 20:42:52,140:INFO: Starting training for 5 epoch(s)
2018-06-05 20:42:52,141:INFO: Epoch 1/5
2018-06-05 20:43:47,986:INFO: - Train metrics: accuracy: 0.578 ; loss: 0.431
2018-06-05 20:43:52,789:INFO: Epoch 2/5
2018-06-05 20:44:36,463:INFO: - Train metrics: accuracy: 0.984 ; loss: 0.079
2018-06-05 20:44:41,288:INFO: Epoch 3/5
2018-06-05 20:45:24,863:INFO: - Train metrics: accuracy: 1.000 ; loss: 0.018
2018-06-05 20:45:29,692:INFO: Epoch 4/5
2018-06-05 20:47:03,249:INFO: Loading the datasets...
2018-06-05 20:47:03,270:INFO: - done.
2018-06-05 20:47:07,562:INFO: Starting training for 5 epoch(s)
2018-06-05 20:47:07,562:INFO: Epoch 1/5
2018-06-05 20:54:22,653:INFO: - Train metrics: accuracy: 0.562 ; loss: 0.433
2018-06-05 20:54:27,439:INFO: Epoch 2/5
2018-06-05 21:03:54,853:INFO: Loading the datasets...
2018-06-05 21:03:54,873:INFO: - done.
2018-06-05 21:03:59,190:INFO: Starting training for 5 epoch(s)
2018-06-05 21:03:59,190:INFO: Epoch 1/5
2018-06-05 21:05:03,244:INFO: Loading the datasets...
2018-06-05 21:05:03,267:INFO: - done.
2018-06-05 21:05:07,608:INFO: Starting training for 5 epoch(s)
2018-06-05 21:05:07,608:INFO: Epoch 1/5
2018-06-05 21:07:33,725:INFO: Loading the datasets...
2018-06-05 21:07:33,747:INFO: - done.
2018-06-05 21:07:38,100:INFO: Starting training for 5 epoch(s)
2018-06-05 21:07:38,101:INFO: Epoch 1/5
2018-06-05 21:08:26,198:INFO: Loading the datasets...
2018-06-05 21:08:26,218:INFO: - done.
2018-06-05 21:08:30,421:INFO: Starting training for 5 epoch(s)
2018-06-05 21:08:30,422:INFO: Epoch 1/5
2018-06-05 21:10:13,368:INFO: Loading the datasets...
2018-06-05 21:10:13,390:INFO: - done.
2018-06-05 21:10:17,690:INFO: Starting training for 5 epoch(s)
2018-06-05 21:10:17,691:INFO: Epoch 1/5
2018-06-05 21:10:33,899:INFO: Loading the datasets...
2018-06-05 21:10:33,919:INFO: - done.
2018-06-05 21:10:38,177:INFO: Starting training for 5 epoch(s)
2018-06-05 21:10:38,177:INFO: Epoch 1/5
2018-06-05 21:11:33,987:INFO: - Train metrics: accuracy: 0.062 ; loss: 0.070
2018-06-05 21:11:38,794:INFO: Epoch 2/5
2018-06-05 21:12:22,371:INFO: - Train metrics: accuracy: 0.016 ; loss: 0.244
2018-06-05 21:12:27,165:INFO: Epoch 3/5
2018-06-05 21:13:10,682:INFO: - Train metrics: accuracy: 0.000 ; loss: 0.117
2018-06-05 21:13:15,473:INFO: Epoch 4/5
2018-06-05 21:13:59,243:INFO: - Train metrics: accuracy: 0.094 ; loss: 0.113
2018-06-05 21:14:04,063:INFO: Epoch 5/5
2018-06-05 21:15:11,374:INFO: Loading the datasets...
2018-06-05 21:15:11,395:INFO: - done.
2018-06-05 21:15:15,662:INFO: Starting training for 5 epoch(s)
2018-06-05 21:15:15,662:INFO: Epoch 1/5
2018-06-05 21:16:11,540:INFO: - Train metrics: accuracy: 0.141 ; loss: 0.498
2018-06-05 21:16:16,376:INFO: Epoch 2/5
2018-06-05 21:16:59,871:INFO: - Train metrics: accuracy: 0.312 ; loss: 0.866
2018-06-05 21:17:04,679:INFO: Epoch 3/5
2018-06-05 21:17:48,482:INFO: - Train metrics: accuracy: 0.406 ; loss: 0.466
2018-06-05 21:17:53,295:INFO: Epoch 4/5
2018-06-05 21:18:26,481:INFO: Loading the datasets...
2018-06-05 21:18:26,501:INFO: - done.
2018-06-05 21:18:30,761:INFO: Starting training for 5 epoch(s)
2018-06-05 21:18:30,761:INFO: Epoch 1/5
2018-06-05 21:18:54,291:INFO: Loading the datasets...
2018-06-05 21:18:54,312:INFO: - done.
2018-06-05 21:18:58,599:INFO: Starting training for 5 epoch(s)
2018-06-05 21:18:58,600:INFO: Epoch 1/5
2018-06-05 21:19:14,622:INFO: Loading the datasets...
2018-06-05 21:19:14,642:INFO: - done.
2018-06-05 21:19:18,955:INFO: Starting training for 5 epoch(s)
2018-06-05 21:19:18,955:INFO: Epoch 1/5
2018-06-05 21:20:14,698:INFO: - Train metrics: accuracy: 0.250 ; loss: 0.821
2018-06-05 21:20:19,553:INFO: Epoch 2/5
2018-06-05 21:21:02,887:INFO: - Train metrics: accuracy: 0.625 ; loss: 1.354
2018-06-05 21:21:10,339:INFO: Loading the datasets...
2018-06-05 21:21:10,359:INFO: - done.
2018-06-05 21:21:14,603:INFO: Starting training for 20 epoch(s)
2018-06-05 21:21:14,604:INFO: Epoch 1/20
2018-06-05 21:22:10,253:INFO: - Train metrics: accuracy: 0.328 ; loss: 0.800
2018-06-05 21:22:15,051:INFO: Epoch 2/20
2018-06-05 21:22:58,278:INFO: - Train metrics: accuracy: 0.562 ; loss: 1.171
2018-06-05 21:23:03,090:INFO: Epoch 3/20
2018-06-05 21:23:46,595:INFO: - Train metrics: accuracy: 0.719 ; loss: 0.578
2018-06-05 21:23:51,398:INFO: Epoch 4/20
2018-06-05 21:24:34,843:INFO: - Train metrics: accuracy: 0.797 ; loss: 1.419
2018-06-05 21:24:39,663:INFO: Epoch 5/20
2018-06-05 21:25:23,135:INFO: - Train metrics: accuracy: 0.750 ; loss: 0.821
2018-06-05 21:25:27,912:INFO: Epoch 6/20
2018-06-05 21:26:11,588:INFO: - Train metrics: accuracy: 0.766 ; loss: 0.513
2018-06-05 21:26:16,363:INFO: Epoch 7/20
2018-06-05 21:26:59,776:INFO: - Train metrics: accuracy: 0.797 ; loss: 1.069
2018-06-05 21:27:04,606:INFO: Epoch 8/20
2018-06-05 21:27:48,119:INFO: - Train metrics: accuracy: 0.891 ; loss: 0.326
2018-06-05 21:27:52,932:INFO: Epoch 9/20
2018-06-05 21:28:36,353:INFO: - Train metrics: accuracy: 0.969 ; loss: 0.139
2018-06-05 21:28:41,183:INFO: Epoch 10/20
2018-06-05 21:29:24,772:INFO: - Train metrics: accuracy: 0.938 ; loss: 0.187
2018-06-05 21:29:29,570:INFO: Epoch 11/20
2018-06-05 21:30:13,181:INFO: - Train metrics: accuracy: 0.953 ; loss: 0.319
2018-06-05 21:30:18,036:INFO: Epoch 12/20
2018-06-05 21:31:01,262:INFO: - Train metrics: accuracy: 1.000 ; loss: 0.110
2018-06-05 21:31:06,031:INFO: Epoch 13/20
2018-06-05 21:31:49,273:INFO: - Train metrics: accuracy: 0.984 ; loss: 0.152
2018-06-05 21:31:54,058:INFO: Epoch 14/20
2018-06-05 21:32:37,165:INFO: - Train metrics: accuracy: 1.000 ; loss: 0.075
2018-06-05 21:32:41,960:INFO: Epoch 15/20
2018-06-05 21:33:25,676:INFO: - Train metrics: accuracy: 1.000 ; loss: 0.068
2018-06-05 21:33:30,468:INFO: Epoch 16/20
2018-06-05 21:34:13,802:INFO: - Train metrics: accuracy: 1.000 ; loss: 0.456
2018-06-05 21:34:18,627:INFO: Epoch 17/20
2018-06-05 21:35:02,109:INFO: - Train metrics: accuracy: 0.906 ; loss: 0.365
2018-06-05 21:35:06,926:INFO: Epoch 18/20
2018-06-05 21:35:50,386:INFO: - Train metrics: accuracy: 0.922 ; loss: 0.155
2018-06-05 21:35:55,241:INFO: Epoch 19/20
2018-06-05 21:36:38,770:INFO: - Train metrics: accuracy: 0.859 ; loss: 0.324
2018-06-05 21:36:43,606:INFO: Epoch 20/20
2018-06-05 21:37:26,963:INFO: - Train metrics: accuracy: 0.719 ; loss: 0.529
2018-06-05 22:37:01,795:INFO: Loading the datasets...
2018-06-05 22:37:01,814:INFO: - done.
2018-06-05 22:37:25,428:INFO: Starting training for 5 epoch(s)
2018-06-05 22:37:25,428:INFO: Epoch 1/5
2018-06-05 22:38:48,712:INFO: - Train metrics: accuracy: 0.266 ; loss: 0.771
2018-06-05 22:38:56,040:INFO: Epoch 2/5
2018-06-05 22:40:06,686:INFO: - Train metrics: accuracy: 0.547 ; loss: 0.669
2018-06-05 22:40:14,016:INFO: Epoch 3/5
2018-06-05 22:41:24,876:INFO: - Train metrics: accuracy: 0.625 ; loss: 0.634
2018-06-05 22:41:32,179:INFO: Epoch 4/5
2018-06-05 22:42:42,992:INFO: - Train metrics: accuracy: 0.797 ; loss: 0.457
2018-06-05 22:42:50,303:INFO: Epoch 5/5
2018-06-05 22:44:01,095:INFO: - Train metrics: accuracy: 0.766 ; loss: 0.493
2018-06-05 22:46:40,655:INFO: Loading the datasets...
2018-06-05 22:46:40,675:INFO: - done.
2018-06-05 22:46:45,465:INFO: Starting training for 5 epoch(s)
2018-06-05 22:46:45,466:INFO: Epoch 1/5
2018-06-05 22:48:29,601:INFO: Loading the datasets...
2018-06-05 22:48:29,620:INFO: - done.
2018-06-05 22:48:34,254:INFO: Starting training for 5 epoch(s)
2018-06-05 22:48:34,254:INFO: Epoch 1/5
2018-06-05 22:49:38,488:INFO: - Train metrics: accuracy: 0.016 ; loss: 1.492
2018-06-05 22:49:43,604:INFO: Epoch 2/5
2018-06-05 22:50:35,038:INFO: - Train metrics: accuracy: 0.547 ; loss: 1.119
2018-06-05 22:50:40,204:INFO: Epoch 3/5
2018-06-05 22:51:31,764:INFO: - Train metrics: accuracy: 0.656 ; loss: 2.213
2018-06-05 22:51:36,909:INFO: Epoch 4/5
2018-06-05 23:34:29,834:INFO: Loading the datasets...
2018-06-05 23:34:29,855:INFO: - done.
2018-06-05 23:34:34,531:INFO: Starting training for 5 epoch(s)
2018-06-05 23:34:34,531:INFO: Epoch 1/5
2018-06-05 23:35:38,841:INFO: - Train metrics: accuracy: 0.016 ; loss: 1.498
2018-06-05 23:35:44,002:INFO: Epoch 2/5
2018-06-05 23:36:35,702:INFO: - Train metrics: accuracy: 0.609 ; loss: 1.258
2018-06-05 23:36:40,859:INFO: Epoch 3/5
2018-06-05 23:37:32,457:INFO: - Train metrics: accuracy: 0.625 ; loss: 0.602
2018-06-05 23:37:37,630:INFO: Epoch 4/5
2018-06-05 23:38:29,359:INFO: - Train metrics: accuracy: 0.875 ; loss: 0.376
2018-06-05 23:38:34,598:INFO: Epoch 5/5
2018-06-05 23:39:26,242:INFO: - Train metrics: accuracy: 0.797 ; loss: 0.586
2018-06-05 23:51:09,589:INFO: Loading the datasets...
2018-06-05 23:51:09,595:INFO: - done.
2018-06-05 23:51:14,317:INFO: Starting training for 5 epoch(s)
2018-06-05 23:51:14,317:INFO: Epoch 1/5
2018-06-05 23:51:34,208:INFO: - Train metrics: accuracy: 0.047 ; loss: 3.326
2018-06-05 23:51:39,351:INFO: Epoch 2/5
2018-06-05 23:51:46,366:INFO: - Train metrics: accuracy: 0.266 ; loss: 2.087
2018-06-05 23:51:51,497:INFO: Epoch 3/5
2018-06-05 23:51:58,541:INFO: - Train metrics: accuracy: 0.297 ; loss: 1.382
2018-06-05 23:52:03,722:INFO: Epoch 4/5
2018-06-05 23:52:10,775:INFO: - Train metrics: accuracy: 0.469 ; loss: 1.379
2018-06-05 23:52:15,924:INFO: Epoch 5/5
2018-06-05 23:52:23,010:INFO: - Train metrics: accuracy: 0.516 ; loss: 1.016
2018-06-05 23:55:39,315:INFO: Loading the datasets...
2018-06-05 23:55:39,318:INFO: - done.
2018-06-05 23:55:44,130:INFO: Starting training for 5 epoch(s)
2018-06-05 23:55:44,130:INFO: Epoch 1/5
2018-06-05 23:56:04,024:INFO: - Train metrics: accuracy: 0.062 ; loss: 3.280
2018-06-05 23:56:04,635:INFO: Epoch 2/5
2018-06-05 23:56:11,648:INFO: - Train metrics: accuracy: 0.250 ; loss: 2.206
2018-06-05 23:56:12,263:INFO: Epoch 3/5
2018-06-05 23:56:19,360:INFO: - Train metrics: accuracy: 0.266 ; loss: 1.348
2018-06-05 23:56:19,981:INFO: Epoch 4/5
2018-06-05 23:56:27,104:INFO: - Train metrics: accuracy: 0.422 ; loss: 1.333
2018-06-05 23:56:27,760:INFO: Epoch 5/5
2018-06-05 23:56:34,854:INFO: - Train metrics: accuracy: 0.531 ; loss: 0.895
2018-06-06 00:08:31,558:INFO: Loading the datasets...
2018-06-06 00:08:31,612:INFO: - done.
2018-06-06 00:08:36,414:INFO: Starting training for 5 epoch(s)
2018-06-06 00:08:36,414:INFO: Epoch 1/5
2018-06-06 00:11:07,258:INFO: - Train metrics: accuracy: 0.266 ; loss: 0.772
2018-06-06 00:11:20,459:INFO: Epoch 2/5
2018-06-06 00:13:39,207:INFO: - Train metrics: accuracy: 0.617 ; loss: 0.870
2018-06-06 00:13:52,433:INFO: Epoch 3/5
2018-06-06 00:16:41,602:INFO: Loading the datasets...
2018-06-06 00:16:41,655:INFO: - done.
2018-06-06 00:16:46,516:INFO: Starting training for 5 epoch(s)
2018-06-06 00:16:46,516:INFO: Epoch 1/5
2018-06-06 00:19:18,768:INFO: - Train metrics: accuracy: 0.266 ; loss: 0.766
2018-06-06 04:49:59,354:INFO: Loading the datasets...
2018-06-06 04:49:59,361:INFO: - done.
2018-06-06 04:50:04,213:INFO: Starting training for 5 epoch(s)
2018-06-06 04:50:04,214:INFO: Epoch 1/5
2018-06-06 04:50:34,659:INFO: - Train metrics: accuracy: 0.281 ; loss: 14.706
2018-06-06 04:51:15,039:INFO: Loading the datasets...
2018-06-06 04:51:15,046:INFO: - done.
2018-06-06 04:51:19,851:INFO: Starting training for 5 epoch(s)
2018-06-06 04:51:19,851:INFO: Epoch 1/5
2018-06-06 04:51:50,103:INFO: - Train metrics: accuracy: 0.266 ; loss: 14.818
2018-06-06 04:51:52,507:INFO: Epoch 2/5
2018-06-06 04:52:09,781:INFO: - Train metrics: accuracy: 0.641 ; loss: 1.518
2018-06-06 04:52:12,175:INFO: Epoch 3/5
2018-06-06 04:52:29,431:INFO: - Train metrics: accuracy: 0.609 ; loss: 1.220
2018-06-06 04:52:31,781:INFO: Epoch 4/5
2018-06-06 04:52:49,109:INFO: - Train metrics: accuracy: 0.641 ; loss: 0.858
2018-06-06 04:52:51,491:INFO: Epoch 5/5
2018-06-06 04:53:08,767:INFO: - Train metrics: accuracy: 0.859 ; loss: 0.799
2018-06-06 04:56:12,972:INFO: Loading the datasets...
2018-06-06 04:56:13,117:INFO: - done.
2018-06-06 04:56:17,904:INFO: Starting training for 5 epoch(s)
2018-06-06 04:56:17,904:INFO: Epoch 1/5
2018-06-06 05:02:47,247:INFO: - Train metrics: accuracy: 0.403 ; loss: 2.168
2018-06-06 05:03:21,863:INFO: Epoch 2/5
2018-06-06 05:09:39,700:INFO: - Train metrics: accuracy: 0.531 ; loss: 2.091
2018-06-06 05:10:14,812:INFO: Epoch 3/5
2018-06-06 05:16:32,509:INFO: - Train metrics: accuracy: 0.534 ; loss: 1.724
2018-06-06 05:17:07,413:INFO: Epoch 4/5
2018-06-06 05:23:25,275:INFO: - Train metrics: accuracy: 0.622 ; loss: 1.301
2018-06-06 05:24:00,169:INFO: Epoch 5/5
2018-06-06 05:30:17,803:INFO: - Train metrics: accuracy: 0.666 ; loss: 0.849
2018-06-06 05:57:36,783:INFO: Loading the datasets...
2018-06-06 05:57:36,791:INFO: - done.
2018-06-06 05:57:41,558:INFO: Starting training for 5 epoch(s)
2018-06-06 05:57:41,558:INFO: Epoch 1/5
2018-06-06 05:58:11,704:INFO: - Train metrics: accuracy: 0.281 ; loss: 14.802
2018-06-06 05:58:14,079:INFO: Epoch 2/5
2018-06-06 05:58:31,255:INFO: - Train metrics: accuracy: 0.656 ; loss: 1.548
2018-06-06 05:58:33,590:INFO: Epoch 3/5
2018-06-06 05:58:50,815:INFO: - Train metrics: accuracy: 0.656 ; loss: 0.891
2018-06-06 05:58:53,155:INFO: Epoch 4/5
2018-06-06 05:59:10,399:INFO: - Train metrics: accuracy: 0.688 ; loss: 1.007
2018-06-06 05:59:12,740:INFO: Epoch 5/5
2018-06-06 05:59:30,093:INFO: - Train metrics: accuracy: 0.828 ; loss: 0.618
2018-06-06 09:54:46,421:INFO: Loading the datasets...
2018-06-06 09:54:46,429:INFO: - done.
2018-06-06 09:56:52,627:INFO: Loading the datasets...
2018-06-06 09:56:52,635:INFO: - done.
2018-06-06 09:56:57,003:INFO: Starting training for 5 epoch(s)
2018-06-06 09:56:57,004:INFO: Epoch 1/5
2018-06-06 09:57:21,394:INFO: - Train metrics: accuracy: 0.328 ; loss: 18.685
2018-06-06 09:57:23,210:INFO: Epoch 2/5
2018-06-06 09:57:35,412:INFO: - Train metrics: accuracy: 0.609 ; loss: 3.881
2018-06-06 09:57:37,305:INFO: Epoch 3/5
2018-06-06 09:57:49,455:INFO: - Train metrics: accuracy: 0.297 ; loss: 1.703
2018-06-06 09:57:51,284:INFO: Epoch 4/5
2018-06-06 09:58:03,461:INFO: - Train metrics: accuracy: 0.406 ; loss: 2.330
2018-06-06 09:58:05,360:INFO: Epoch 5/5
2018-06-06 09:58:17,620:INFO: - Train metrics: accuracy: 0.641 ; loss: 1.083
2018-06-06 09:59:18,348:INFO: Loading the datasets...
2018-06-06 09:59:18,355:INFO: - done.
2018-06-06 09:59:22,894:INFO: Starting training for 5 epoch(s)
2018-06-06 09:59:22,894:INFO: Epoch 1/5
2018-06-06 09:59:46,163:INFO: - Train metrics: accuracy: 0.359 ; loss: 15.819
2018-06-06 09:59:47,880:INFO: Epoch 2/5
2018-06-06 09:59:58,941:INFO: - Train metrics: accuracy: 0.672 ; loss: 4.382
2018-06-06 10:00:00,697:INFO: Epoch 3/5
2018-06-06 10:00:11,573:INFO: - Train metrics: accuracy: 0.562 ; loss: 1.539
2018-06-06 10:00:13,307:INFO: Epoch 4/5
2018-06-06 10:00:24,189:INFO: - Train metrics: accuracy: 0.453 ; loss: 1.230
2018-06-06 10:00:25,928:INFO: Epoch 5/5
2018-06-06 10:00:36,850:INFO: - Train metrics: accuracy: 0.531 ; loss: 1.159
2018-06-07 04:58:27,846:INFO: Loading the datasets...
2018-06-07 04:58:27,905:INFO: - done.
2018-06-07 04:58:46,152:INFO: Starting training for 5 epoch(s)
2018-06-07 04:58:46,152:INFO: Epoch 1/5
2018-06-07 04:59:33,336:INFO: - Train metrics: accuracy: 0.344 ; loss: 16.864
2018-06-07 04:59:36,611:INFO: Epoch 2/5
2018-06-07 05:00:08,775:INFO: - Train metrics: accuracy: 0.516 ; loss: 1.883
2018-06-07 05:00:11,983:INFO: Epoch 3/5
2018-06-07 05:00:44,199:INFO: - Train metrics: accuracy: 0.594 ; loss: 1.411
2018-06-07 05:00:47,422:INFO: Epoch 4/5
2018-06-07 05:01:19,595:INFO: - Train metrics: accuracy: 0.781 ; loss: 0.996
2018-06-07 05:01:22,804:INFO: Epoch 5/5
2018-06-07 05:01:40,258:INFO: Loading the datasets...
2018-06-07 05:01:40,441:INFO: - done.
2018-06-07 05:01:44,809:INFO: Starting training for 5 epoch(s)
2018-06-07 05:01:44,809:INFO: Epoch 1/5
2018-06-07 05:06:53,223:INFO: - Train metrics: accuracy: 0.246 ; loss: 2.257
2018-06-07 05:07:21,521:INFO: Epoch 2/5
2018-06-07 05:12:17,232:INFO: - Train metrics: accuracy: 0.357 ; loss: 1.592
2018-06-07 05:12:45,548:INFO: Epoch 3/5
2018-06-07 05:17:41,496:INFO: - Train metrics: accuracy: 0.431 ; loss: 1.657
2018-06-07 05:18:09,792:INFO: Epoch 4/5
2018-06-07 05:23:05,638:INFO: - Train metrics: accuracy: 0.440 ; loss: 1.673
2018-06-07 05:23:34,008:INFO: Epoch 5/5
2018-06-07 05:28:30,039:INFO: - Train metrics: accuracy: 0.464 ; loss: 1.845
2018-06-07 05:29:39,901:INFO: Loading the datasets...
2018-06-07 05:29:40,084:INFO: - done.
2018-06-07 05:30:02,211:INFO: Loading the datasets...
2018-06-07 05:30:02,399:INFO: - done.
2018-06-07 05:30:06,735:INFO: Starting training for 5 epoch(s)
2018-06-07 05:30:06,735:INFO: Epoch 1/5
2018-06-07 05:35:49,249:INFO: - Train metrics: accuracy: 0.225 ; loss: 1.638
2018-06-07 05:36:20,919:INFO: Epoch 2/5
2018-06-07 05:41:51,020:INFO: - Train metrics: accuracy: 0.295 ; loss: 1.516
2018-06-07 05:42:22,734:INFO: Epoch 3/5
2018-06-07 05:47:52,623:INFO: - Train metrics: accuracy: 0.301 ; loss: 1.527
2018-06-07 05:48:24,256:INFO: Epoch 4/5
2018-06-07 05:53:54,482:INFO: - Train metrics: accuracy: 0.379 ; loss: 1.225
2018-06-07 05:54:26,159:INFO: Epoch 5/5
2018-06-07 05:59:56,355:INFO: - Train metrics: accuracy: 0.386 ; loss: 1.693
2018-06-07 06:11:51,150:INFO: Loading the datasets...
2018-06-07 06:11:51,334:INFO: - done.
2018-06-07 06:11:55,697:INFO: Starting training for 5 epoch(s)
2018-06-07 06:11:55,697:INFO: Epoch 1/5
2018-06-07 06:12:29,519:INFO: Loading the datasets...
2018-06-07 06:12:29,701:INFO: - done.
2018-06-07 06:12:34,043:INFO: Starting training for 5 epoch(s)
2018-06-07 06:12:34,043:INFO: Epoch 1/5
2018-06-07 06:28:06,314:INFO: Loading the datasets...
2018-06-07 06:28:06,496:INFO: - done.
2018-06-07 06:28:10,834:INFO: Starting training for 5 epoch(s)
2018-06-07 06:28:10,834:INFO: Epoch 1/5
2018-06-07 06:28:47,400:INFO: Loading the datasets...
2018-06-07 06:28:47,581:INFO: - done.
2018-06-07 06:28:51,925:INFO: Starting training for 5 epoch(s)
2018-06-07 06:28:51,925:INFO: Epoch 1/5
2018-06-07 06:31:43,868:INFO: Loading the datasets...
2018-06-07 06:31:44,045:INFO: - done.
2018-06-07 06:31:48,394:INFO: Starting training for 2 epoch(s)
2018-06-07 06:31:48,394:INFO: Epoch 1/2
2018-06-07 06:36:56,060:INFO: - Train metrics: accuracy: 0.239 ; loss: 2.169
2018-06-07 06:37:24,399:INFO: Epoch 2/2
2018-06-07 06:42:19,648:INFO: - Train metrics: accuracy: 0.362 ; loss: 1.517
2018-06-07 06:46:21,941:INFO: Loading the datasets...
2018-06-07 06:46:22,123:INFO: - done.
2018-06-07 06:46:26,447:INFO: Starting training for 2 epoch(s)
2018-06-07 06:46:26,447:INFO: Epoch 1/2
2018-06-07 06:51:34,086:INFO: - Train metrics: accuracy: 0.243 ; loss: 2.095
2018-06-07 06:54:58,369:INFO: Loading the datasets...
2018-06-07 06:54:58,554:INFO: - done.
2018-06-07 06:55:02,920:INFO: Starting training for 2 epoch(s)
2018-06-07 06:55:02,920:INFO: Epoch 1/2
2018-06-07 07:00:10,916:INFO: - Train metrics: accuracy: 0.254 ; loss: 2.233
2018-06-07 07:01:07,870:INFO: Loading the datasets...
2018-06-07 07:01:08,051:INFO: - done.
2018-06-07 07:01:12,360:INFO: Starting training for 2 epoch(s)
2018-06-07 07:01:12,360:INFO: Epoch 1/2
2018-06-07 07:06:20,286:INFO: - Train metrics: accuracy: 0.230 ; loss: 2.184
2018-06-07 07:06:48,602:INFO: Epoch 2/2
2018-06-07 07:11:43,993:INFO: - Train metrics: accuracy: 0.321 ; loss: 1.580
2018-06-07 16:44:29,475:INFO: Loading the datasets...
2018-06-07 16:44:30,405:INFO: - done.
2018-06-07 16:44:52,184:INFO: Starting training for 40 epoch(s)
2018-06-07 16:44:52,184:INFO: Epoch 1/40
2018-06-07 16:49:56,875:INFO: - Train metrics: accuracy: 0.250 ; loss: 2.199
2018-06-07 16:50:26,256:INFO: Epoch 2/40
2018-06-07 16:55:17,584:INFO: - Train metrics: accuracy: 0.337 ; loss: 1.478
2018-06-07 16:55:45,331:INFO: Epoch 3/40
2018-06-07 17:00:35,769:INFO: - Train metrics: accuracy: 0.397 ; loss: 1.697
2018-06-07 17:01:03,696:INFO: Epoch 4/40
2018-06-07 17:05:54,443:INFO: - Train metrics: accuracy: 0.458 ; loss: 1.571
2018-06-07 17:06:22,172:INFO: Epoch 5/40
2018-06-07 17:11:12,576:INFO: - Train metrics: accuracy: 0.504 ; loss: 1.817
2018-06-07 17:11:40,267:INFO: Epoch 6/40
2018-06-07 17:16:30,302:INFO: - Train metrics: accuracy: 0.565 ; loss: 1.641
2018-06-07 17:16:58,050:INFO: Epoch 7/40
2018-06-07 17:21:47,928:INFO: - Train metrics: accuracy: 0.558 ; loss: 1.021
2018-06-07 17:22:15,644:INFO: Epoch 8/40
2018-06-07 17:27:06,979:INFO: - Train metrics: accuracy: 0.612 ; loss: 1.024
2018-06-07 17:27:34,569:INFO: Epoch 9/40
2018-06-07 17:32:28,117:INFO: - Train metrics: accuracy: 0.679 ; loss: 1.089
2018-06-07 17:32:55,825:INFO: Epoch 10/40
2018-06-07 17:37:48,873:INFO: - Train metrics: accuracy: 0.712 ; loss: 0.897
2018-06-07 17:38:16,558:INFO: Epoch 11/40
2018-06-07 17:43:07,908:INFO: - Train metrics: accuracy: 0.730 ; loss: 0.982
2018-06-07 17:43:35,618:INFO: Epoch 12/40
2018-06-07 17:48:25,867:INFO: - Train metrics: accuracy: 0.748 ; loss: 0.841
2018-06-07 17:48:53,472:INFO: Epoch 13/40
2018-06-07 17:53:44,390:INFO: - Train metrics: accuracy: 0.821 ; loss: 1.078
2018-06-07 17:54:12,214:INFO: Epoch 14/40
2018-06-07 17:59:04,114:INFO: - Train metrics: accuracy: 0.835 ; loss: 0.578
2018-06-07 17:59:31,853:INFO: Epoch 15/40
2018-06-07 18:04:23,192:INFO: - Train metrics: accuracy: 0.824 ; loss: 0.510
2018-06-07 18:04:51,047:INFO: Epoch 16/40
2018-06-07 18:06:44,092:INFO: Loading the datasets...
2018-06-07 18:06:44,278:INFO: - done.
2018-06-07 18:06:48,624:INFO: Starting training for 20 epoch(s)
2018-06-07 18:06:48,624:INFO: Epoch 1/20
2018-06-07 18:11:51,744:INFO: - Train metrics: accuracy: 0.279 ; loss: 2.295
2018-06-07 18:12:19,703:INFO: Epoch 2/20
2018-06-07 18:17:08,932:INFO: - Train metrics: accuracy: 0.353 ; loss: 1.496
2018-06-07 18:17:36,808:INFO: Epoch 3/20
2018-06-07 18:22:27,254:INFO: - Train metrics: accuracy: 0.395 ; loss: 1.714
2018-06-07 18:22:55,388:INFO: Epoch 4/20
2018-06-07 18:27:46,165:INFO: - Train metrics: accuracy: 0.464 ; loss: 1.483
2018-06-07 18:28:13,888:INFO: Epoch 5/20
2018-06-07 18:33:03,981:INFO: - Train metrics: accuracy: 0.478 ; loss: 2.035
2018-06-07 18:33:31,905:INFO: Epoch 6/20
2018-06-07 18:38:23,318:INFO: - Train metrics: accuracy: 0.533 ; loss: 1.593
2018-06-07 18:38:51,348:INFO: Epoch 7/20
2018-06-07 18:40:27,421:INFO: Loading the datasets...
2018-06-07 18:40:28,304:INFO: - done.
2018-06-07 18:40:32,563:INFO: Starting training for 20 epoch(s)
2018-06-07 18:40:32,563:INFO: Epoch 1/20
2018-06-07 18:41:17,886:INFO: - Train metrics: accuracy: 0.359 ; loss: 16.534
2018-06-07 18:41:21,647:INFO: Epoch 2/20
2018-06-07 18:41:53,731:INFO: - Train metrics: accuracy: 0.500 ; loss: 1.835
2018-06-07 18:41:56,824:INFO: Epoch 3/20
2018-06-07 18:42:28,689:INFO: - Train metrics: accuracy: 0.516 ; loss: 1.289
2018-06-07 18:42:31,819:INFO: Epoch 4/20
2018-06-07 18:43:03,544:INFO: - Train metrics: accuracy: 0.781 ; loss: 0.748
2018-06-07 18:43:06,697:INFO: Epoch 5/20
2018-06-07 18:43:38,541:INFO: - Train metrics: accuracy: 0.641 ; loss: 0.917
2018-06-07 18:43:41,683:INFO: Epoch 6/20
2018-06-07 18:44:13,312:INFO: - Train metrics: accuracy: 0.734 ; loss: 0.974
2018-06-07 18:44:16,486:INFO: Epoch 7/20
2018-06-07 18:44:48,483:INFO: - Train metrics: accuracy: 0.672 ; loss: 1.211
2018-06-07 18:44:51,586:INFO: Epoch 8/20
2018-06-07 18:45:23,635:INFO: - Train metrics: accuracy: 0.828 ; loss: 0.408
2018-06-07 18:45:26,775:INFO: Epoch 9/20
2018-06-07 18:45:58,289:INFO: - Train metrics: accuracy: 0.734 ; loss: 0.672
2018-06-07 18:46:01,423:INFO: Epoch 10/20
2018-06-07 18:46:33,067:INFO: - Train metrics: accuracy: 0.844 ; loss: 0.410
2018-06-07 18:46:36,168:INFO: Epoch 11/20
2018-06-07 18:47:07,851:INFO: - Train metrics: accuracy: 0.766 ; loss: 0.732
2018-06-07 18:47:10,993:INFO: Epoch 12/20
2018-06-07 18:47:42,596:INFO: - Train metrics: accuracy: 0.875 ; loss: 0.716
2018-06-07 18:47:45,723:INFO: Epoch 13/20
2018-06-07 18:48:17,565:INFO: - Train metrics: accuracy: 0.969 ; loss: 0.207
2018-06-07 18:48:20,714:INFO: Epoch 14/20
2018-06-07 18:48:52,520:INFO: - Train metrics: accuracy: 0.891 ; loss: 0.336
2018-06-07 18:48:55,643:INFO: Epoch 15/20
2018-06-07 18:49:27,190:INFO: - Train metrics: accuracy: 0.984 ; loss: 0.088
2018-06-07 18:49:30,376:INFO: Epoch 16/20
2018-06-07 18:50:02,180:INFO: - Train metrics: accuracy: 0.797 ; loss: 0.668
2018-06-07 18:50:05,267:INFO: Epoch 17/20
2018-06-07 18:50:36,773:INFO: - Train metrics: accuracy: 0.984 ; loss: 0.121
2018-06-07 18:50:39,881:INFO: Epoch 18/20
2018-06-07 18:51:11,563:INFO: - Train metrics: accuracy: 0.906 ; loss: 0.239
2018-06-07 18:51:14,700:INFO: Epoch 19/20
2018-06-07 18:51:46,243:INFO: - Train metrics: accuracy: 0.906 ; loss: 0.266
2018-06-07 18:51:49,390:INFO: Epoch 20/20
2018-06-07 18:52:20,833:INFO: - Train metrics: accuracy: 0.969 ; loss: 0.668
2018-06-07 18:59:32,877:INFO: Loading the datasets...
2018-06-07 18:59:32,899:INFO: - done.
2018-06-07 18:59:37,329:INFO: Starting training for 20 epoch(s)
2018-06-07 18:59:37,329:INFO: Epoch 1/20
2018-06-07 19:00:25,222:INFO: - Train metrics: accuracy: 0.266 ; loss: 11.023
2018-06-07 19:00:28,806:INFO: Epoch 2/20
2018-06-07 19:01:04,098:INFO: - Train metrics: accuracy: 0.531 ; loss: 2.083
2018-06-07 19:01:07,665:INFO: Epoch 3/20
2018-06-07 19:01:43,327:INFO: - Train metrics: accuracy: 0.562 ; loss: 1.405
2018-06-07 19:01:46,920:INFO: Epoch 4/20
2018-06-07 19:02:22,310:INFO: - Train metrics: accuracy: 0.484 ; loss: 1.451
2018-06-07 19:02:25,888:INFO: Epoch 5/20
2018-06-07 19:03:01,640:INFO: - Train metrics: accuracy: 0.766 ; loss: 1.808
2018-06-07 19:03:05,211:INFO: Epoch 6/20
2018-06-07 19:03:40,586:INFO: - Train metrics: accuracy: 0.609 ; loss: 0.751
2018-06-07 19:03:44,212:INFO: Epoch 7/20
2018-06-07 19:04:20,316:INFO: - Train metrics: accuracy: 0.875 ; loss: 0.687
2018-06-07 19:04:23,908:INFO: Epoch 8/20
2018-06-07 19:04:59,819:INFO: - Train metrics: accuracy: 0.750 ; loss: 0.964
2018-06-07 19:05:03,427:INFO: Epoch 9/20
2018-06-07 19:05:38,834:INFO: - Train metrics: accuracy: 0.875 ; loss: 0.864
2018-06-07 19:05:42,368:INFO: Epoch 10/20
2018-06-07 19:06:18,299:INFO: - Train metrics: accuracy: 0.891 ; loss: 1.335
2018-06-07 19:06:21,872:INFO: Epoch 11/20
2018-06-07 19:06:57,829:INFO: - Train metrics: accuracy: 0.781 ; loss: 1.072
2018-06-07 19:07:01,417:INFO: Epoch 12/20
2018-06-07 19:07:36,967:INFO: - Train metrics: accuracy: 0.734 ; loss: 0.653
2018-06-07 19:07:40,525:INFO: Epoch 13/20
2018-06-07 19:08:16,169:INFO: - Train metrics: accuracy: 0.859 ; loss: 0.348
2018-06-07 19:08:19,692:INFO: Epoch 14/20
2018-06-07 19:08:55,018:INFO: - Train metrics: accuracy: 0.906 ; loss: 0.260
2018-06-07 19:08:58,597:INFO: Epoch 15/20
2018-06-07 19:09:33,971:INFO: - Train metrics: accuracy: 0.906 ; loss: 0.365
2018-06-07 19:09:37,502:INFO: Epoch 16/20
2018-06-07 19:10:12,870:INFO: - Train metrics: accuracy: 0.906 ; loss: 0.377
2018-06-07 19:10:16,355:INFO: Epoch 17/20
2018-06-07 19:10:51,731:INFO: - Train metrics: accuracy: 0.922 ; loss: 0.212
2018-06-07 19:10:55,257:INFO: Epoch 18/20
2018-06-07 19:11:30,867:INFO: - Train metrics: accuracy: 0.984 ; loss: 0.119
2018-06-07 19:11:34,350:INFO: Epoch 19/20
2018-06-07 19:12:09,637:INFO: - Train metrics: accuracy: 0.938 ; loss: 0.305
2018-06-07 19:12:13,158:INFO: Epoch 20/20
2018-06-07 19:12:48,290:INFO: - Train metrics: accuracy: 0.906 ; loss: 0.286
2018-06-07 19:38:37,035:INFO: Loading the datasets...
2018-06-07 19:38:37,055:INFO: - done.
2018-06-07 19:38:41,270:INFO: Starting training for 20 epoch(s)
2018-06-07 19:38:41,270:INFO: Epoch 1/20
2018-06-07 19:39:28,505:INFO: - Train metrics: accuracy: 0.250 ; loss: 11.207
2018-06-07 19:39:32,000:INFO: Epoch 2/20
2018-06-07 19:40:06,950:INFO: - Train metrics: accuracy: 0.562 ; loss: 1.603
2018-06-07 19:40:10,422:INFO: Epoch 3/20
2018-06-07 19:40:45,728:INFO: - Train metrics: accuracy: 0.516 ; loss: 0.943
2018-06-07 19:40:49,246:INFO: Epoch 4/20
2018-06-07 19:41:24,465:INFO: - Train metrics: accuracy: 0.469 ; loss: 1.597
2018-06-07 19:41:28,039:INFO: Epoch 5/20
2018-06-07 19:42:03,638:INFO: - Train metrics: accuracy: 0.750 ; loss: 2.270
2018-06-07 19:42:07,136:INFO: Epoch 6/20
2018-06-07 19:42:42,089:INFO: - Train metrics: accuracy: 0.688 ; loss: 0.886
2018-06-07 19:42:45,649:INFO: Epoch 7/20
2018-06-07 19:43:20,912:INFO: - Train metrics: accuracy: 0.797 ; loss: 0.912
2018-06-07 19:43:24,414:INFO: Epoch 8/20
2018-06-07 19:44:00,006:INFO: - Train metrics: accuracy: 0.750 ; loss: 0.680
2018-06-07 19:44:03,513:INFO: Epoch 9/20
2018-06-07 19:44:38,925:INFO: - Train metrics: accuracy: 0.797 ; loss: 0.932
2018-06-07 19:44:42,441:INFO: Epoch 10/20
2018-06-07 19:45:17,803:INFO: - Train metrics: accuracy: 0.828 ; loss: 0.559
2018-06-07 19:45:21,373:INFO: Epoch 11/20
2018-06-07 19:45:56,559:INFO: - Train metrics: accuracy: 0.828 ; loss: 0.980
2018-06-07 19:46:00,032:INFO: Epoch 12/20
2018-06-07 19:46:35,572:INFO: - Train metrics: accuracy: 0.797 ; loss: 0.489
2018-06-07 19:46:39,079:INFO: Epoch 13/20
2018-06-07 19:47:14,372:INFO: - Train metrics: accuracy: 0.906 ; loss: 0.236
2018-06-07 19:47:17,946:INFO: Epoch 14/20
2018-06-07 19:47:53,136:INFO: - Train metrics: accuracy: 0.922 ; loss: 0.203
2018-06-07 19:47:56,656:INFO: Epoch 15/20
2018-06-07 19:48:31,897:INFO: - Train metrics: accuracy: 0.953 ; loss: 0.130
2018-06-07 19:48:35,453:INFO: Epoch 16/20
2018-06-07 19:49:10,948:INFO: - Train metrics: accuracy: 1.000 ; loss: 0.120
2018-06-07 19:49:14,430:INFO: Epoch 17/20
2018-06-07 19:49:49,657:INFO: - Train metrics: accuracy: 0.953 ; loss: 0.168
2018-06-07 19:49:53,173:INFO: Epoch 18/20
2018-06-07 19:50:28,399:INFO: - Train metrics: accuracy: 1.000 ; loss: 0.054
2018-06-07 19:50:31,921:INFO: Epoch 19/20
2018-06-07 19:51:07,296:INFO: - Train metrics: accuracy: 0.953 ; loss: 0.215
2018-06-07 19:51:10,893:INFO: Epoch 20/20
2018-06-07 19:51:46,192:INFO: - Train metrics: accuracy: 0.953 ; loss: 0.185
2018-06-07 22:36:58,554:INFO: Loading the datasets...
2018-06-07 22:36:58,573:INFO: - done.
2018-06-07 22:37:02,968:INFO: Starting training for 20 epoch(s)
2018-06-07 22:37:02,968:INFO: Epoch 1/20
2018-06-07 22:37:49,966:INFO: - Train metrics: accuracy: 0.234 ; loss: 11.081
2018-06-07 22:37:53,448:INFO: Epoch 2/20
2018-06-07 22:38:28,988:INFO: - Train metrics: accuracy: 0.484 ; loss: 2.377
2018-06-07 22:38:32,464:INFO: Epoch 3/20
2018-06-07 22:39:07,829:INFO: - Train metrics: accuracy: 0.469 ; loss: 1.032
2018-06-07 22:39:11,430:INFO: Epoch 4/20
2018-06-07 22:39:46,657:INFO: - Train metrics: accuracy: 0.531 ; loss: 1.554
2018-06-07 22:39:50,213:INFO: Epoch 5/20
2018-06-07 22:40:25,544:INFO: - Train metrics: accuracy: 0.766 ; loss: 1.733
2018-06-07 22:40:29,115:INFO: Epoch 6/20
2018-06-07 22:41:04,429:INFO: - Train metrics: accuracy: 0.719 ; loss: 0.612
2018-06-07 22:41:07,942:INFO: Epoch 7/20
2018-06-07 22:41:43,142:INFO: - Train metrics: accuracy: 0.781 ; loss: 0.751
2018-06-07 22:41:46,648:INFO: Epoch 8/20
2018-06-07 22:42:21,887:INFO: - Train metrics: accuracy: 0.781 ; loss: 0.717
2018-06-07 22:42:25,419:INFO: Epoch 9/20
2018-06-07 22:43:00,862:INFO: - Train metrics: accuracy: 0.797 ; loss: 0.837
2018-06-07 22:43:04,438:INFO: Epoch 10/20
2018-06-07 22:43:39,629:INFO: - Train metrics: accuracy: 0.891 ; loss: 0.397
2018-06-07 22:43:43,178:INFO: Epoch 11/20
2018-06-07 22:44:18,554:INFO: - Train metrics: accuracy: 0.703 ; loss: 1.078
2018-06-07 22:44:22,028:INFO: Epoch 12/20
2018-06-07 22:44:57,242:INFO: - Train metrics: accuracy: 0.922 ; loss: 0.246
2018-06-07 22:45:00,732:INFO: Epoch 13/20
2018-06-07 22:45:35,967:INFO: - Train metrics: accuracy: 0.906 ; loss: 0.265
2018-06-07 22:45:39,485:INFO: Epoch 14/20
2018-06-07 22:46:14,700:INFO: - Train metrics: accuracy: 0.906 ; loss: 0.262
2018-06-07 22:46:18,258:INFO: Epoch 15/20
2018-06-07 22:46:53,546:INFO: - Train metrics: accuracy: 0.953 ; loss: 0.671
2018-06-07 22:46:57,084:INFO: Epoch 16/20
2018-06-07 22:47:32,265:INFO: - Train metrics: accuracy: 1.000 ; loss: 0.136
2018-06-07 22:47:35,765:INFO: Epoch 17/20
2018-06-07 22:48:11,088:INFO: - Train metrics: accuracy: 0.953 ; loss: 0.142
2018-06-07 22:48:14,572:INFO: Epoch 18/20
2018-06-07 22:48:50,004:INFO: - Train metrics: accuracy: 0.953 ; loss: 0.136
2018-06-07 22:48:53,528:INFO: Epoch 19/20
2018-06-07 22:49:29,353:INFO: - Train metrics: accuracy: 0.922 ; loss: 0.227
2018-06-07 22:49:32,869:INFO: Epoch 20/20
2018-06-07 22:50:08,537:INFO: - Train metrics: accuracy: 0.875 ; loss: 0.350
